2020-02-16 10:14:52.653  INFO 18728 --- [main] com.powerlong.sharera.BaseApplication    : Starting BaseApplication on DESKTOP-L0J3LV2 with PID 18728 (E:\ShengAnde\share\share\target\classes started by hyue in E:\ShengAnde\share\share)
2020-02-16 10:14:52.658  INFO 18728 --- [main] com.powerlong.sharera.BaseApplication    : The following profiles are active: dev
2020-02-16 10:14:52.704  INFO 18728 --- [main] ConfigServletWebServerApplicationContext : Refreshing org.springframework.boot.web.servlet.context.AnnotationConfigServletWebServerApplicationContext@198b6731: startup date [Sun Feb 16 10:14:52 CST 2020]; root of context hierarchy
2020-02-16 10:14:53.136 DEBUG 18728 --- [main] o.m.s.mapper.ClassPathMapperScanner      : Ignored because not a concrete top-level class: file [E:\ShengAnde\share\share\target\classes\com\powerlong\sharera\ApplicationEnties\ThirdPartyVo.class]
2020-02-16 10:14:53.137 DEBUG 18728 --- [main] o.m.s.mapper.ClassPathMapperScanner      : Ignored because not a concrete top-level class: file [E:\ShengAnde\share\share\target\classes\com\powerlong\sharera\ApplicationEnties\YumPaperVo.class]
2020-02-16 10:14:53.137 DEBUG 18728 --- [main] o.m.s.mapper.ClassPathMapperScanner      : Identified candidate component class: file [E:\ShengAnde\share\share\target\classes\com\powerlong\sharera\aspect\CheckThirdParty.class]
2020-02-16 10:14:53.137 DEBUG 18728 --- [main] o.m.s.mapper.ClassPathMapperScanner      : Ignored because not a concrete top-level class: file [E:\ShengAnde\share\share\target\classes\com\powerlong\sharera\aspect\CheckThirdPartyAspect.class]
2020-02-16 10:14:53.137 DEBUG 18728 --- [main] o.m.s.mapper.ClassPathMapperScanner      : Identified candidate component class: file [E:\ShengAnde\share\share\target\classes\com\powerlong\sharera\aspect\CheckUserToken.class]
2020-02-16 10:14:53.137 DEBUG 18728 --- [main] o.m.s.mapper.ClassPathMapperScanner      : Ignored because not a concrete top-level class: file [E:\ShengAnde\share\share\target\classes\com\powerlong\sharera\aspect\CheckUserTokenAspect.class]
2020-02-16 10:14:53.137 DEBUG 18728 --- [main] o.m.s.mapper.ClassPathMapperScanner      : Ignored because not a concrete top-level class: file [E:\ShengAnde\share\share\target\classes\com\powerlong\sharera\aspect\PowerLongShareraAPIDemo.class]
2020-02-16 10:14:53.137 DEBUG 18728 --- [main] o.m.s.mapper.ClassPathMapperScanner      : Ignored because not a concrete top-level class: file [E:\ShengAnde\share\share\target\classes\com\powerlong\sharera\BaseApplication.class]
2020-02-16 10:14:53.137 DEBUG 18728 --- [main] o.m.s.mapper.ClassPathMapperScanner      : Ignored because not a concrete top-level class: file [E:\ShengAnde\share\share\target\classes\com\powerlong\sharera\configBean\ConfigBean.class]
2020-02-16 10:14:53.138 DEBUG 18728 --- [main] o.m.s.mapper.ClassPathMapperScanner      : Ignored because not a concrete top-level class: file [E:\ShengAnde\share\share\target\classes\com\powerlong\sharera\configer\BodyReaderHttpServletRequestWrapper$1.class]
2020-02-16 10:14:53.138 DEBUG 18728 --- [main] o.m.s.mapper.ClassPathMapperScanner      : Ignored because not a concrete top-level class: file [E:\ShengAnde\share\share\target\classes\com\powerlong\sharera\configer\BodyReaderHttpServletRequestWrapper.class]
2020-02-16 10:14:53.138 DEBUG 18728 --- [main] o.m.s.mapper.ClassPathMapperScanner      : Ignored because not a concrete top-level class: file [E:\ShengAnde\share\share\target\classes\com\powerlong\sharera\configer\CorsConfig.class]
2020-02-16 10:14:53.138 DEBUG 18728 --- [main] o.m.s.mapper.ClassPathMapperScanner      : Ignored because not a concrete top-level class: file [E:\ShengAnde\share\share\target\classes\com\powerlong\sharera\configer\HttpHelper.class]
2020-02-16 10:14:53.138 DEBUG 18728 --- [main] o.m.s.mapper.ClassPathMapperScanner      : Ignored because not a concrete top-level class: file [E:\ShengAnde\share\share\target\classes\com\powerlong\sharera\constant\ResultConstant.class]
2020-02-16 10:14:53.138 DEBUG 18728 --- [main] o.m.s.mapper.ClassPathMapperScanner      : Ignored because not a concrete top-level class: file [E:\ShengAnde\share\share\target\classes\com\powerlong\sharera\controller\ForThirdPartyController.class]
2020-02-16 10:14:53.138 DEBUG 18728 --- [main] o.m.s.mapper.ClassPathMapperScanner      : Ignored because not a concrete top-level class: file [E:\ShengAnde\share\share\target\classes\com\powerlong\sharera\controller\MemberYumLogController.class]
2020-02-16 10:14:53.139 DEBUG 18728 --- [main] o.m.s.mapper.ClassPathMapperScanner      : Ignored because not a concrete top-level class: file [E:\ShengAnde\share\share\target\classes\com\powerlong\sharera\controller\MessageController.class]
2020-02-16 10:14:53.139 DEBUG 18728 --- [main] o.m.s.mapper.ClassPathMapperScanner      : Ignored because not a concrete top-level class: file [E:\ShengAnde\share\share\target\classes\com\powerlong\sharera\controller\pointForCouponController.class]
2020-02-16 10:14:53.139 DEBUG 18728 --- [main] o.m.s.mapper.ClassPathMapperScanner      : Ignored because not a concrete top-level class: file [E:\ShengAnde\share\share\target\classes\com\powerlong\sharera\controller\rightRulesController.class]
2020-02-16 10:14:53.139 DEBUG 18728 --- [main] o.m.s.mapper.ClassPathMapperScanner      : Ignored because not a concrete top-level class: file [E:\ShengAnde\share\share\target\classes\com\powerlong\sharera\controller\ShareController.class]
2020-02-16 10:14:53.139 DEBUG 18728 --- [main] o.m.s.mapper.ClassPathMapperScanner      : Ignored because not a concrete top-level class: file [E:\ShengAnde\share\share\target\classes\com\powerlong\sharera\controller\TimedTask.class]
2020-02-16 10:14:53.139 DEBUG 18728 --- [main] o.m.s.mapper.ClassPathMapperScanner      : Ignored because not a concrete top-level class: file [E:\ShengAnde\share\share\target\classes\com\powerlong\sharera\controller\useMessageController.class]
2020-02-16 10:14:53.139 DEBUG 18728 --- [main] o.m.s.mapper.ClassPathMapperScanner      : Identified candidate component class: file [E:\ShengAnde\share\share\target\classes\com\powerlong\sharera\dao\decutOrderMapper.class]
2020-02-16 10:14:53.139 DEBUG 18728 --- [main] o.m.s.mapper.ClassPathMapperScanner      : Identified candidate component class: file [E:\ShengAnde\share\share\target\classes\com\powerlong\sharera\dao\KeyPairMapper.class]
2020-02-16 10:14:53.139 DEBUG 18728 --- [main] o.m.s.mapper.ClassPathMapperScanner      : Identified candidate component class: file [E:\ShengAnde\share\share\target\classes\com\powerlong\sharera\dao\MemberYumLogMapper.class]
2020-02-16 10:14:53.140 DEBUG 18728 --- [main] o.m.s.mapper.ClassPathMapperScanner      : Identified candidate component class: file [E:\ShengAnde\share\share\target\classes\com\powerlong\sharera\dao\MessagesettingMapper.class]
2020-02-16 10:14:53.140 DEBUG 18728 --- [main] o.m.s.mapper.ClassPathMapperScanner      : Identified candidate component class: file [E:\ShengAnde\share\share\target\classes\com\powerlong\sharera\dao\pointForCouponMapper.class]
2020-02-16 10:14:53.140 DEBUG 18728 --- [main] o.m.s.mapper.ClassPathMapperScanner      : Identified candidate component class: file [E:\ShengAnde\share\share\target\classes\com\powerlong\sharera\dao\rightRulesMapper.class]
2020-02-16 10:14:53.140 DEBUG 18728 --- [main] o.m.s.mapper.ClassPathMapperScanner      : Identified candidate component class: file [E:\ShengAnde\share\share\target\classes\com\powerlong\sharera\dao\ShareMapper.class]
2020-02-16 10:14:53.141 DEBUG 18728 --- [main] o.m.s.mapper.ClassPathMapperScanner      : Identified candidate component class: file [E:\ShengAnde\share\share\target\classes\com\powerlong\sharera\dao\useMessageMapper.class]
2020-02-16 10:14:53.141 DEBUG 18728 --- [main] o.m.s.mapper.ClassPathMapperScanner      : Ignored because not a concrete top-level class: file [E:\ShengAnde\share\share\target\classes\com\powerlong\sharera\filter\CorsFilter.class]
2020-02-16 10:14:53.141 DEBUG 18728 --- [main] o.m.s.mapper.ClassPathMapperScanner      : Ignored because not a concrete top-level class: file [E:\ShengAnde\share\share\target\classes\com\powerlong\sharera\result\CheckTokenException.class]
2020-02-16 10:14:53.141 DEBUG 18728 --- [main] o.m.s.mapper.ClassPathMapperScanner      : Ignored because not a concrete top-level class: file [E:\ShengAnde\share\share\target\classes\com\powerlong\sharera\result\ResponseInfoEnum.class]
2020-02-16 10:14:53.141 DEBUG 18728 --- [main] o.m.s.mapper.ClassPathMapperScanner      : Ignored because not a concrete top-level class: file [E:\ShengAnde\share\share\target\classes\com\powerlong\sharera\result\ResponseInfoException.class]
2020-02-16 10:14:53.142 DEBUG 18728 --- [main] o.m.s.mapper.ClassPathMapperScanner      : Ignored because not a concrete top-level class: file [E:\ShengAnde\share\share\target\classes\com\powerlong\sharera\result\ResponseInfoHandler.class]
2020-02-16 10:14:53.142 DEBUG 18728 --- [main] o.m.s.mapper.ClassPathMapperScanner      : Identified candidate component class: file [E:\ShengAnde\share\share\target\classes\com\powerlong\sharera\result\ResponseInfoInterface.class]
2020-02-16 10:14:53.142 DEBUG 18728 --- [main] o.m.s.mapper.ClassPathMapperScanner      : Ignored because not a concrete top-level class: file [E:\ShengAnde\share\share\target\classes\com\powerlong\sharera\result\ResultBody.class]
2020-02-16 10:14:53.142 DEBUG 18728 --- [main] o.m.s.mapper.ClassPathMapperScanner      : Ignored because not a concrete top-level class: file [E:\ShengAnde\share\share\target\classes\com\powerlong\sharera\result\ThirdInfoEnum.class]
2020-02-16 10:14:53.142 DEBUG 18728 --- [main] o.m.s.mapper.ClassPathMapperScanner      : Identified candidate component class: file [E:\ShengAnde\share\share\target\classes\com\powerlong\sharera\service\decutOrderService.class]
2020-02-16 10:14:53.142 DEBUG 18728 --- [main] o.m.s.mapper.ClassPathMapperScanner      : Ignored because not a concrete top-level class: file [E:\ShengAnde\share\share\target\classes\com\powerlong\sharera\service\impl\decutOrderServiceImpl.class]
2020-02-16 10:14:53.142 DEBUG 18728 --- [main] o.m.s.mapper.ClassPathMapperScanner      : Ignored because not a concrete top-level class: file [E:\ShengAnde\share\share\target\classes\com\powerlong\sharera\service\impl\MemberYumLogServiceImpl.class]
2020-02-16 10:14:53.142 DEBUG 18728 --- [main] o.m.s.mapper.ClassPathMapperScanner      : Ignored because not a concrete top-level class: file [E:\ShengAnde\share\share\target\classes\com\powerlong\sharera\service\impl\MessagesettingServiceImpl.class]
2020-02-16 10:14:53.144 DEBUG 18728 --- [main] o.m.s.mapper.ClassPathMapperScanner      : Ignored because not a concrete top-level class: file [E:\ShengAnde\share\share\target\classes\com\powerlong\sharera\service\impl\pointForCouponServiceImpl.class]
2020-02-16 10:14:53.144 DEBUG 18728 --- [main] o.m.s.mapper.ClassPathMapperScanner      : Ignored because not a concrete top-level class: file [E:\ShengAnde\share\share\target\classes\com\powerlong\sharera\service\impl\rightRulesServiceImpl.class]
2020-02-16 10:14:53.145 DEBUG 18728 --- [main] o.m.s.mapper.ClassPathMapperScanner      : Ignored because not a concrete top-level class: file [E:\ShengAnde\share\share\target\classes\com\powerlong\sharera\service\impl\useMessageServiceImpl.class]
2020-02-16 10:14:53.145 DEBUG 18728 --- [main] o.m.s.mapper.ClassPathMapperScanner      : Ignored because not a concrete top-level class: file [E:\ShengAnde\share\share\target\classes\com\powerlong\sharera\service\impl\YumPaperServiceImpl.class]
2020-02-16 10:14:53.145 DEBUG 18728 --- [main] o.m.s.mapper.ClassPathMapperScanner      : Identified candidate component class: file [E:\ShengAnde\share\share\target\classes\com\powerlong\sharera\service\MemberYumLogService.class]
2020-02-16 10:14:53.145 DEBUG 18728 --- [main] o.m.s.mapper.ClassPathMapperScanner      : Identified candidate component class: file [E:\ShengAnde\share\share\target\classes\com\powerlong\sharera\service\MessagesettingService.class]
2020-02-16 10:14:53.145 DEBUG 18728 --- [main] o.m.s.mapper.ClassPathMapperScanner      : Identified candidate component class: file [E:\ShengAnde\share\share\target\classes\com\powerlong\sharera\service\pointForCouponService.class]
2020-02-16 10:14:53.145 DEBUG 18728 --- [main] o.m.s.mapper.ClassPathMapperScanner      : Identified candidate component class: file [E:\ShengAnde\share\share\target\classes\com\powerlong\sharera\service\rightRulesService.class]
2020-02-16 10:14:53.145 DEBUG 18728 --- [main] o.m.s.mapper.ClassPathMapperScanner      : Identified candidate component class: file [E:\ShengAnde\share\share\target\classes\com\powerlong\sharera\service\useMessageService.class]
2020-02-16 10:14:53.145 DEBUG 18728 --- [main] o.m.s.mapper.ClassPathMapperScanner      : Identified candidate component class: file [E:\ShengAnde\share\share\target\classes\com\powerlong\sharera\service\YunPaperService.class]
2020-02-16 10:14:53.145 DEBUG 18728 --- [main] o.m.s.mapper.ClassPathMapperScanner      : Ignored because not a concrete top-level class: file [E:\ShengAnde\share\share\target\classes\com\powerlong\sharera\util\Charsets.class]
2020-02-16 10:14:53.145 DEBUG 18728 --- [main] o.m.s.mapper.ClassPathMapperScanner      : Ignored because not a concrete top-level class: file [E:\ShengAnde\share\share\target\classes\com\powerlong\sharera\util\HttpUtils$1.class]
2020-02-16 10:14:53.146 DEBUG 18728 --- [main] o.m.s.mapper.ClassPathMapperScanner      : Ignored because not a concrete top-level class: file [E:\ShengAnde\share\share\target\classes\com\powerlong\sharera\util\HttpUtils.class]
2020-02-16 10:14:53.148 DEBUG 18728 --- [main] o.m.s.mapper.ClassPathMapperScanner      : Ignored because not a concrete top-level class: file [E:\ShengAnde\share\share\target\classes\com\powerlong\sharera\util\MD5.class]
2020-02-16 10:14:53.148 DEBUG 18728 --- [main] o.m.s.mapper.ClassPathMapperScanner      : Ignored because not a concrete top-level class: file [E:\ShengAnde\share\share\target\classes\com\powerlong\sharera\util\Md5Util.class]
2020-02-16 10:14:53.148 DEBUG 18728 --- [main] o.m.s.mapper.ClassPathMapperScanner      : Ignored because not a concrete top-level class: file [E:\ShengAnde\share\share\target\classes\com\powerlong\sharera\util\PowerLongBaolong.class]
2020-02-16 10:14:53.148 DEBUG 18728 --- [main] o.m.s.mapper.ClassPathMapperScanner      : Ignored because not a concrete top-level class: file [E:\ShengAnde\share\share\target\classes\com\powerlong\sharera\util\RandomUtils.class]
2020-02-16 10:14:53.148 DEBUG 18728 --- [main] o.m.s.mapper.ClassPathMapperScanner      : Ignored because not a concrete top-level class: file [E:\ShengAnde\share\share\target\classes\com\powerlong\sharera\util\ResultModel.class]
2020-02-16 10:14:53.148 DEBUG 18728 --- [main] o.m.s.mapper.ClassPathMapperScanner      : Ignored because not a concrete top-level class: file [E:\ShengAnde\share\share\target\classes\com\powerlong\sharera\util\ResultUtil.class]
2020-02-16 10:14:53.149 DEBUG 18728 --- [main] o.m.s.mapper.ClassPathMapperScanner      : Ignored because not a concrete top-level class: file [E:\ShengAnde\share\share\target\classes\com\powerlong\sharera\vo\AdminPageVo.class]
2020-02-16 10:14:53.149 DEBUG 18728 --- [main] o.m.s.mapper.ClassPathMapperScanner      : Ignored because not a concrete top-level class: file [E:\ShengAnde\share\share\target\classes\com\powerlong\sharera\vo\checkResVo.class]
2020-02-16 10:14:53.149 DEBUG 18728 --- [main] o.m.s.mapper.ClassPathMapperScanner      : Ignored because not a concrete top-level class: file [E:\ShengAnde\share\share\target\classes\com\powerlong\sharera\vo\decuPointVo.class]
2020-02-16 10:14:53.149 DEBUG 18728 --- [main] o.m.s.mapper.ClassPathMapperScanner      : Ignored because not a concrete top-level class: file [E:\ShengAnde\share\share\target\classes\com\powerlong\sharera\vo\decutOrderVo.class]
2020-02-16 10:14:53.149 DEBUG 18728 --- [main] o.m.s.mapper.ClassPathMapperScanner      : Ignored because not a concrete top-level class: file [E:\ShengAnde\share\share\target\classes\com\powerlong\sharera\vo\getOrderVo.class]
2020-02-16 10:14:53.149 DEBUG 18728 --- [main] o.m.s.mapper.ClassPathMapperScanner      : Ignored because not a concrete top-level class: file [E:\ShengAnde\share\share\target\classes\com\powerlong\sharera\vo\goThirdUrlVo.class]
2020-02-16 10:14:53.149 DEBUG 18728 --- [main] o.m.s.mapper.ClassPathMapperScanner      : Ignored because not a concrete top-level class: file [E:\ShengAnde\share\share\target\classes\com\powerlong\sharera\vo\MemberProfies.class]
2020-02-16 10:14:53.151 DEBUG 18728 --- [main] o.m.s.mapper.ClassPathMapperScanner      : Ignored because not a concrete top-level class: file [E:\ShengAnde\share\share\target\classes\com\powerlong\sharera\vo\memberRight.class]
2020-02-16 10:14:53.151 DEBUG 18728 --- [main] o.m.s.mapper.ClassPathMapperScanner      : Ignored because not a concrete top-level class: file [E:\ShengAnde\share\share\target\classes\com\powerlong\sharera\vo\MembersYumLogeVo.class]
2020-02-16 10:14:53.151 DEBUG 18728 --- [main] o.m.s.mapper.ClassPathMapperScanner      : Ignored because not a concrete top-level class: file [E:\ShengAnde\share\share\target\classes\com\powerlong\sharera\vo\MemberYumLogeQuVo.class]
2020-02-16 10:14:53.151 DEBUG 18728 --- [main] o.m.s.mapper.ClassPathMapperScanner      : Ignored because not a concrete top-level class: file [E:\ShengAnde\share\share\target\classes\com\powerlong\sharera\vo\MemberYumLogeVo.class]
2020-02-16 10:14:53.151 DEBUG 18728 --- [main] o.m.s.mapper.ClassPathMapperScanner      : Ignored because not a concrete top-level class: file [E:\ShengAnde\share\share\target\classes\com\powerlong\sharera\vo\MessagesettingVo.class]
2020-02-16 10:14:53.151 DEBUG 18728 --- [main] o.m.s.mapper.ClassPathMapperScanner      : Ignored because not a concrete top-level class: file [E:\ShengAnde\share\share\target\classes\com\powerlong\sharera\vo\pointForCouponVo.class]
2020-02-16 10:14:53.152 DEBUG 18728 --- [main] o.m.s.mapper.ClassPathMapperScanner      : Ignored because not a concrete top-level class: file [E:\ShengAnde\share\share\target\classes\com\powerlong\sharera\vo\pushRules.class]
2020-02-16 10:14:53.152 DEBUG 18728 --- [main] o.m.s.mapper.ClassPathMapperScanner      : Ignored because not a concrete top-level class: file [E:\ShengAnde\share\share\target\classes\com\powerlong\sharera\vo\rightRulesVo.class]
2020-02-16 10:14:53.152 DEBUG 18728 --- [main] o.m.s.mapper.ClassPathMapperScanner      : Ignored because not a concrete top-level class: file [E:\ShengAnde\share\share\target\classes\com\powerlong\sharera\vo\ruleTodatVo.class]
2020-02-16 10:14:53.152 DEBUG 18728 --- [main] o.m.s.mapper.ClassPathMapperScanner      : Ignored because not a concrete top-level class: file [E:\ShengAnde\share\share\target\classes\com\powerlong\sharera\vo\ShareVo.class]
2020-02-16 10:14:53.152 DEBUG 18728 --- [main] o.m.s.mapper.ClassPathMapperScanner      : Ignored because not a concrete top-level class: file [E:\ShengAnde\share\share\target\classes\com\powerlong\sharera\vo\TWaiterOpeLog.class]
2020-02-16 10:14:53.152 DEBUG 18728 --- [main] o.m.s.mapper.ClassPathMapperScanner      : Ignored because not a concrete top-level class: file [E:\ShengAnde\share\share\target\classes\com\powerlong\sharera\vo\useMessageVo.class]
2020-02-16 10:14:53.152 DEBUG 18728 --- [main] o.m.s.mapper.ClassPathMapperScanner      : Ignored because not a concrete top-level class: file [E:\ShengAnde\share\share\target\classes\com\powerlong\sharera\vo\workFlowVo.class]
2020-02-16 10:14:53.154 DEBUG 18728 --- [main] o.m.s.mapper.ClassPathMapperScanner      : Ignored because not a concrete top-level class: file [E:\ShengAnde\share\share\target\classes\com\powerlong\sharera\vo\YumPaperQuVo.class]
2020-02-16 10:14:53.154 DEBUG 18728 --- [main] o.m.s.mapper.ClassPathMapperScanner      : Creating MapperFactoryBean with name 'checkThirdParty' and 'com.powerlong.sharera.aspect.CheckThirdParty' mapperInterface
2020-02-16 10:14:53.154 DEBUG 18728 --- [main] o.m.s.mapper.ClassPathMapperScanner      : Enabling autowire by type for MapperFactoryBean with name 'checkThirdParty'.
2020-02-16 10:14:53.154 DEBUG 18728 --- [main] o.m.s.mapper.ClassPathMapperScanner      : Creating MapperFactoryBean with name 'checkUserToken' and 'com.powerlong.sharera.aspect.CheckUserToken' mapperInterface
2020-02-16 10:14:53.154 DEBUG 18728 --- [main] o.m.s.mapper.ClassPathMapperScanner      : Enabling autowire by type for MapperFactoryBean with name 'checkUserToken'.
2020-02-16 10:14:53.155 DEBUG 18728 --- [main] o.m.s.mapper.ClassPathMapperScanner      : Creating MapperFactoryBean with name 'decutOrderMapper' and 'com.powerlong.sharera.dao.decutOrderMapper' mapperInterface
2020-02-16 10:14:53.155 DEBUG 18728 --- [main] o.m.s.mapper.ClassPathMapperScanner      : Enabling autowire by type for MapperFactoryBean with name 'decutOrderMapper'.
2020-02-16 10:14:53.155 DEBUG 18728 --- [main] o.m.s.mapper.ClassPathMapperScanner      : Creating MapperFactoryBean with name 'keyPairMapper' and 'com.powerlong.sharera.dao.KeyPairMapper' mapperInterface
2020-02-16 10:14:53.155 DEBUG 18728 --- [main] o.m.s.mapper.ClassPathMapperScanner      : Enabling autowire by type for MapperFactoryBean with name 'keyPairMapper'.
2020-02-16 10:14:53.155 DEBUG 18728 --- [main] o.m.s.mapper.ClassPathMapperScanner      : Creating MapperFactoryBean with name 'memberYumLogMapper' and 'com.powerlong.sharera.dao.MemberYumLogMapper' mapperInterface
2020-02-16 10:14:53.155 DEBUG 18728 --- [main] o.m.s.mapper.ClassPathMapperScanner      : Enabling autowire by type for MapperFactoryBean with name 'memberYumLogMapper'.
2020-02-16 10:14:53.155 DEBUG 18728 --- [main] o.m.s.mapper.ClassPathMapperScanner      : Creating MapperFactoryBean with name 'messagesettingMapper' and 'com.powerlong.sharera.dao.MessagesettingMapper' mapperInterface
2020-02-16 10:14:53.155 DEBUG 18728 --- [main] o.m.s.mapper.ClassPathMapperScanner      : Enabling autowire by type for MapperFactoryBean with name 'messagesettingMapper'.
2020-02-16 10:14:53.155 DEBUG 18728 --- [main] o.m.s.mapper.ClassPathMapperScanner      : Creating MapperFactoryBean with name 'pointForCouponMapper' and 'com.powerlong.sharera.dao.pointForCouponMapper' mapperInterface
2020-02-16 10:14:53.155 DEBUG 18728 --- [main] o.m.s.mapper.ClassPathMapperScanner      : Enabling autowire by type for MapperFactoryBean with name 'pointForCouponMapper'.
2020-02-16 10:14:53.156 DEBUG 18728 --- [main] o.m.s.mapper.ClassPathMapperScanner      : Creating MapperFactoryBean with name 'rightRulesMapper' and 'com.powerlong.sharera.dao.rightRulesMapper' mapperInterface
2020-02-16 10:14:53.156 DEBUG 18728 --- [main] o.m.s.mapper.ClassPathMapperScanner      : Enabling autowire by type for MapperFactoryBean with name 'rightRulesMapper'.
2020-02-16 10:14:53.156 DEBUG 18728 --- [main] o.m.s.mapper.ClassPathMapperScanner      : Creating MapperFactoryBean with name 'shareMapper' and 'com.powerlong.sharera.dao.ShareMapper' mapperInterface
2020-02-16 10:14:53.156 DEBUG 18728 --- [main] o.m.s.mapper.ClassPathMapperScanner      : Enabling autowire by type for MapperFactoryBean with name 'shareMapper'.
2020-02-16 10:14:53.156 DEBUG 18728 --- [main] o.m.s.mapper.ClassPathMapperScanner      : Creating MapperFactoryBean with name 'useMessageMapper' and 'com.powerlong.sharera.dao.useMessageMapper' mapperInterface
2020-02-16 10:14:53.156 DEBUG 18728 --- [main] o.m.s.mapper.ClassPathMapperScanner      : Enabling autowire by type for MapperFactoryBean with name 'useMessageMapper'.
2020-02-16 10:14:53.156 DEBUG 18728 --- [main] o.m.s.mapper.ClassPathMapperScanner      : Creating MapperFactoryBean with name 'responseInfoInterface' and 'com.powerlong.sharera.result.ResponseInfoInterface' mapperInterface
2020-02-16 10:14:53.156 DEBUG 18728 --- [main] o.m.s.mapper.ClassPathMapperScanner      : Enabling autowire by type for MapperFactoryBean with name 'responseInfoInterface'.
2020-02-16 10:14:53.156 DEBUG 18728 --- [main] o.m.s.mapper.ClassPathMapperScanner      : Creating MapperFactoryBean with name 'decutOrderService' and 'com.powerlong.sharera.service.decutOrderService' mapperInterface
2020-02-16 10:14:53.156 DEBUG 18728 --- [main] o.m.s.mapper.ClassPathMapperScanner      : Enabling autowire by type for MapperFactoryBean with name 'decutOrderService'.
2020-02-16 10:14:53.156 DEBUG 18728 --- [main] o.m.s.mapper.ClassPathMapperScanner      : Creating MapperFactoryBean with name 'memberYumLogService' and 'com.powerlong.sharera.service.MemberYumLogService' mapperInterface
2020-02-16 10:14:53.156 DEBUG 18728 --- [main] o.m.s.mapper.ClassPathMapperScanner      : Enabling autowire by type for MapperFactoryBean with name 'memberYumLogService'.
2020-02-16 10:14:53.157 DEBUG 18728 --- [main] o.m.s.mapper.ClassPathMapperScanner      : Creating MapperFactoryBean with name 'messagesettingService' and 'com.powerlong.sharera.service.MessagesettingService' mapperInterface
2020-02-16 10:14:53.157 DEBUG 18728 --- [main] o.m.s.mapper.ClassPathMapperScanner      : Enabling autowire by type for MapperFactoryBean with name 'messagesettingService'.
2020-02-16 10:14:53.157 DEBUG 18728 --- [main] o.m.s.mapper.ClassPathMapperScanner      : Creating MapperFactoryBean with name 'pointForCouponService' and 'com.powerlong.sharera.service.pointForCouponService' mapperInterface
2020-02-16 10:14:53.158 DEBUG 18728 --- [main] o.m.s.mapper.ClassPathMapperScanner      : Enabling autowire by type for MapperFactoryBean with name 'pointForCouponService'.
2020-02-16 10:14:53.159 DEBUG 18728 --- [main] o.m.s.mapper.ClassPathMapperScanner      : Creating MapperFactoryBean with name 'rightRulesService' and 'com.powerlong.sharera.service.rightRulesService' mapperInterface
2020-02-16 10:14:53.159 DEBUG 18728 --- [main] o.m.s.mapper.ClassPathMapperScanner      : Enabling autowire by type for MapperFactoryBean with name 'rightRulesService'.
2020-02-16 10:14:53.159 DEBUG 18728 --- [main] o.m.s.mapper.ClassPathMapperScanner      : Creating MapperFactoryBean with name 'useMessageService' and 'com.powerlong.sharera.service.useMessageService' mapperInterface
2020-02-16 10:14:53.159 DEBUG 18728 --- [main] o.m.s.mapper.ClassPathMapperScanner      : Enabling autowire by type for MapperFactoryBean with name 'useMessageService'.
2020-02-16 10:14:53.159 DEBUG 18728 --- [main] o.m.s.mapper.ClassPathMapperScanner      : Creating MapperFactoryBean with name 'yunPaperService' and 'com.powerlong.sharera.service.YunPaperService' mapperInterface
2020-02-16 10:14:53.159 DEBUG 18728 --- [main] o.m.s.mapper.ClassPathMapperScanner      : Enabling autowire by type for MapperFactoryBean with name 'yunPaperService'.
2020-02-16 10:14:53.955  INFO 18728 --- [main] o.s.b.w.embedded.tomcat.TomcatWebServer  : Tomcat initialized with port(s): 9000 (http)
2020-02-16 10:14:53.975  INFO 18728 --- [main] o.apache.catalina.core.StandardService   : Starting service [Tomcat]
2020-02-16 10:14:53.976  INFO 18728 --- [main] org.apache.catalina.core.StandardEngine  : Starting Servlet Engine: Apache Tomcat/8.5.31
2020-02-16 10:14:53.979  INFO 18728 --- [localhost-startStop-1] o.a.catalina.core.AprLifecycleListener   : The APR based Apache Tomcat Native library which allows optimal performance in production environments was not found on the java.library.path: [E:\Program Files\Java\jdk1.8.0_231\bin;C:\WINDOWS\Sun\Java\bin;C:\WINDOWS\system32;C:\WINDOWS;C:\WINDOWS\system32;C:\WINDOWS;C:\WINDOWS\System32\Wbem;C:\WINDOWS\System32\WindowsPowerShell\v1.0\;C:\WINDOWS\System32\OpenSSH\;E:\Program Files\Java\jdk1.8.0_231\bin;E:\Program Files\TortoiseGit\bin;E:\Program Files\Git\cmd;C:\Program Files (x86)\MySQL\MySQL Utilities 1.6\;E:\Program Files\apache-maven-3.6.3\bin;;C:\Program Files (x86)\NVIDIA Corporation\PhysX\Common;C:\Program Files\NVIDIA Corporation\NVIDIA NvDLISR;C:\Users\hyue\AppData\Local\Microsoft\WindowsApps;C:\Users\hyue\AppData\Local\GitHubDesktop\bin;.]
2020-02-16 10:14:54.071  INFO 18728 --- [localhost-startStop-1] o.a.c.c.C.[Tomcat].[localhost].[/]       : Initializing Spring embedded WebApplicationContext
2020-02-16 10:14:54.071  INFO 18728 --- [localhost-startStop-1] o.s.web.context.ContextLoader            : Root WebApplicationContext: initialization completed in 1367 ms
2020-02-16 10:14:54.225  INFO 18728 --- [localhost-startStop-1] o.s.b.w.servlet.ServletRegistrationBean  : Servlet dispatcherServlet mapped to [/]
2020-02-16 10:14:54.226  INFO 18728 --- [localhost-startStop-1] o.s.b.w.servlet.ServletRegistrationBean  : Servlet statViewServlet mapped to [/druid/*]
2020-02-16 10:14:54.229  INFO 18728 --- [localhost-startStop-1] o.s.b.w.servlet.FilterRegistrationBean   : Mapping filter: 'characterEncodingFilter' to: [/*]
2020-02-16 10:14:54.230  INFO 18728 --- [localhost-startStop-1] o.s.b.w.servlet.FilterRegistrationBean   : Mapping filter: 'webStatFilter' to urls: [/*]
2020-02-16 10:14:54.230  INFO 18728 --- [localhost-startStop-1] o.s.b.w.servlet.FilterRegistrationBean   : Mapping filter: 'corsConfig' to: [/*]
2020-02-16 10:14:54.349  INFO 18728 --- [main] c.a.d.s.b.a.DruidDataSourceAutoConfigure : Init DruidDataSource
2020-02-16 10:14:55.517  INFO 18728 --- [main] com.alibaba.druid.pool.DruidDataSource   : {dataSource-1} inited
2020-02-16 10:14:55.558 DEBUG 18728 --- [main] o.mybatis.spring.SqlSessionFactoryBean   : Scanned package: 'com.powerlong.sharera.vo' for aliases
2020-02-16 10:14:55.646 DEBUG 18728 --- [main] o.mybatis.spring.SqlSessionFactoryBean   : Parsed mapper file: 'file [E:\ShengAnde\share\share\target\classes\mapper\decutOrderMapper.xml]'
2020-02-16 10:14:55.654 DEBUG 18728 --- [main] o.mybatis.spring.SqlSessionFactoryBean   : Parsed mapper file: 'file [E:\ShengAnde\share\share\target\classes\mapper\KeyPairMapper.xml]'
2020-02-16 10:14:55.668 DEBUG 18728 --- [main] o.mybatis.spring.SqlSessionFactoryBean   : Parsed mapper file: 'file [E:\ShengAnde\share\share\target\classes\mapper\MemberYumLogMapper.xml]'
2020-02-16 10:14:55.678 DEBUG 18728 --- [main] o.mybatis.spring.SqlSessionFactoryBean   : Parsed mapper file: 'file [E:\ShengAnde\share\share\target\classes\mapper\MessagesettingMapper.xml]'
2020-02-16 10:14:55.684 DEBUG 18728 --- [main] o.mybatis.spring.SqlSessionFactoryBean   : Parsed mapper file: 'file [E:\ShengAnde\share\share\target\classes\mapper\pointForCouponMapper.xml]'
2020-02-16 10:14:55.699 DEBUG 18728 --- [main] o.mybatis.spring.SqlSessionFactoryBean   : Parsed mapper file: 'file [E:\ShengAnde\share\share\target\classes\mapper\rightRulesMapper.xml]'
2020-02-16 10:14:55.706 DEBUG 18728 --- [main] o.mybatis.spring.SqlSessionFactoryBean   : Parsed mapper file: 'file [E:\ShengAnde\share\share\target\classes\mapper\useMessageMapper.xml]'
2020-02-16 10:14:55.981  INFO 18728 --- [main] s.w.s.m.m.a.RequestMappingHandlerMapping : Mapped "{[/memberLevel],methods=[GET]}" onto public com.powerlong.sharera.result.ResultBody com.powerlong.sharera.controller.ForThirdPartyController.getMemberInfos(com.powerlong.sharera.vo.MemberProfies) throws java.lang.Exception
2020-02-16 10:14:55.982  INFO 18728 --- [main] s.w.s.m.m.a.RequestMappingHandlerMapping : Mapped "{[/yun/getThirdUrl],methods=[POST]}" onto public com.powerlong.sharera.result.ResultBody com.powerlong.sharera.controller.ForThirdPartyController.getThirdUrl(com.powerlong.sharera.vo.goThirdUrlVo) throws java.lang.Exception
2020-02-16 10:14:55.983  INFO 18728 --- [main] s.w.s.m.m.a.RequestMappingHandlerMapping : Mapped "{[/order],methods=[POST]}" onto public com.alibaba.fastjson.JSONObject com.powerlong.sharera.controller.ForThirdPartyController.saveThirdOrder(com.powerlong.sharera.vo.MembersYumLogeVo) throws java.lang.Exception
2020-02-16 10:14:55.983  INFO 18728 --- [main] s.w.s.m.m.a.RequestMappingHandlerMapping : Mapped "{[/point/deduct],methods=[GET]}" onto public com.powerlong.sharera.result.ResultBody com.powerlong.sharera.controller.ForThirdPartyController.getDecutOrder(com.powerlong.sharera.vo.getOrderVo) throws java.lang.Exception
2020-02-16 10:14:55.983  INFO 18728 --- [main] s.w.s.m.m.a.RequestMappingHandlerMapping : Mapped "{[/point/deduct],methods=[POST]}" onto public com.alibaba.fastjson.JSONObject com.powerlong.sharera.controller.ForThirdPartyController.saveDecutOrder(com.powerlong.sharera.vo.decutOrderVo) throws java.lang.Exception
2020-02-16 10:14:55.985  INFO 18728 --- [main] s.w.s.m.m.a.RequestMappingHandlerMapping : Mapped "{[/yumlog/get],methods=[POST]}" onto public com.powerlong.sharera.result.ResultBody com.powerlong.sharera.controller.MemberYumLogController.get(com.powerlong.sharera.vo.MemberYumLogeQuVo) throws java.lang.Exception
2020-02-16 10:14:55.985  INFO 18728 --- [main] s.w.s.m.m.a.RequestMappingHandlerMapping : Mapped "{[/yumlog/getExcel],methods=[POST]}" onto public com.github.pagehelper.PageInfo com.powerlong.sharera.controller.MemberYumLogController.getExcel(com.powerlong.sharera.vo.MemberYumLogeQuVo) throws java.lang.Exception
2020-02-16 10:14:55.987  INFO 18728 --- [main] s.w.s.m.m.a.RequestMappingHandlerMapping : Mapped "{[/message/save]}" onto public com.powerlong.sharera.result.ResultBody com.powerlong.sharera.controller.MessageController.save(com.powerlong.sharera.vo.MessagesettingVo)
2020-02-16 10:14:55.987  INFO 18728 --- [main] s.w.s.m.m.a.RequestMappingHandlerMapping : Mapped "{[/message/get],methods=[POST]}" onto public com.powerlong.sharera.result.ResultBody com.powerlong.sharera.controller.MessageController.getFromApp(com.powerlong.sharera.vo.MessagesettingVo)
2020-02-16 10:14:55.988  INFO 18728 --- [main] s.w.s.m.m.a.RequestMappingHandlerMapping : Mapped "{[/message/getb],methods=[POST]}" onto public com.powerlong.sharera.result.ResultBody com.powerlong.sharera.controller.MessageController.getFromAppb(com.powerlong.sharera.vo.MessagesettingVo)
2020-02-16 10:14:55.989  INFO 18728 --- [main] s.w.s.m.m.a.RequestMappingHandlerMapping : Mapped "{[/yum/saveCoupon],methods=[POST]}" onto public com.alibaba.fastjson.JSONObject com.powerlong.sharera.controller.pointForCouponController.saveCoupon(com.powerlong.sharera.vo.pointForCouponVo) throws java.lang.Exception
2020-02-16 10:14:55.992  INFO 18728 --- [main] s.w.s.m.m.a.RequestMappingHandlerMapping : Mapped "{[/rightrules/update],methods=[POST]}" onto public com.powerlong.sharera.result.ResultBody com.powerlong.sharera.controller.rightRulesController.update(com.powerlong.sharera.vo.rightRulesVo[]) throws java.lang.Exception
2020-02-16 10:14:55.992  INFO 18728 --- [main] s.w.s.m.m.a.RequestMappingHandlerMapping : Mapped "{[/rightrules/save],methods=[POST]}" onto public com.powerlong.sharera.result.ResultBody com.powerlong.sharera.controller.rightRulesController.save(com.powerlong.sharera.vo.rightRulesVo[])
2020-02-16 10:14:55.993  INFO 18728 --- [main] s.w.s.m.m.a.RequestMappingHandlerMapping : Mapped "{[/rightrules/del],methods=[POST]}" onto public com.powerlong.sharera.result.ResultBody com.powerlong.sharera.controller.rightRulesController.del(com.powerlong.sharera.vo.checkResVo)
2020-02-16 10:14:55.993  INFO 18728 --- [main] s.w.s.m.m.a.RequestMappingHandlerMapping : Mapped "{[/rightrules/getDetail],methods=[POST]}" onto public com.powerlong.sharera.result.ResultBody com.powerlong.sharera.controller.rightRulesController.getDetail(com.powerlong.sharera.vo.rightRulesVo)
2020-02-16 10:14:55.994  INFO 18728 --- [main] s.w.s.m.m.a.RequestMappingHandlerMapping : Mapped "{[/rightrules/getListCommon],methods=[POST]}" onto public com.powerlong.sharera.result.ResultBody com.powerlong.sharera.controller.rightRulesController.getListCommon(com.powerlong.sharera.vo.rightRulesVo)
2020-02-16 10:14:55.994  INFO 18728 --- [main] s.w.s.m.m.a.RequestMappingHandlerMapping : Mapped "{[/rightrules/updatechecks],methods=[POST]}" onto public com.powerlong.sharera.result.ResultBody com.powerlong.sharera.controller.rightRulesController.updatechecks(com.powerlong.sharera.vo.checkResVo) throws java.lang.Exception
2020-02-16 10:14:55.994  INFO 18728 --- [main] s.w.s.m.m.a.RequestMappingHandlerMapping : Mapped "{[/rightrules/getList],methods=[POST]}" onto public com.powerlong.sharera.result.ResultBody com.powerlong.sharera.controller.rightRulesController.getList(com.powerlong.sharera.vo.rightRulesVo)
2020-02-16 10:14:55.998  INFO 18728 --- [main] s.w.s.m.m.a.RequestMappingHandlerMapping : Mapped "{[/yum/get],methods=[GET]}" onto public java.lang.String com.powerlong.sharera.controller.ShareController.getLove()
2020-02-16 10:14:55.999  INFO 18728 --- [main] s.w.s.m.m.a.RequestMappingHandlerMapping : Mapped "{[/yum/getYumPapaer],methods=[POST]}" onto public com.powerlong.sharera.result.ResultBody com.powerlong.sharera.controller.ShareController.getYumPapaer(com.powerlong.sharera.vo.YumPaperQuVo) throws java.lang.Exception
2020-02-16 10:14:56.000  INFO 18728 --- [main] s.w.s.m.m.a.RequestMappingHandlerMapping : Mapped "{[/yum/selectByAll],methods=[GET]}" onto public com.powerlong.sharera.util.ResultModel com.powerlong.sharera.controller.ShareController.selectByAll()
2020-02-16 10:14:56.001  INFO 18728 --- [main] s.w.s.m.m.a.RequestMappingHandlerMapping : Mapped "{[/usemessage/save],methods=[POST]}" onto public com.powerlong.sharera.result.ResultBody com.powerlong.sharera.controller.useMessageController.save(com.powerlong.sharera.vo.useMessageVo)
2020-02-16 10:14:56.002  INFO 18728 --- [main] s.w.s.m.m.a.RequestMappingHandlerMapping : Mapped "{[/usemessage/get],methods=[POST]}" onto public com.powerlong.sharera.result.ResultBody com.powerlong.sharera.controller.useMessageController.getuseMessage(com.powerlong.sharera.vo.useMessageVo)
2020-02-16 10:14:56.002  INFO 18728 --- [main] s.w.s.m.m.a.RequestMappingHandlerMapping : Mapped "{[/usemessage/getmessage],methods=[POST]}" onto public com.powerlong.sharera.result.ResultBody com.powerlong.sharera.controller.useMessageController.getuseMessageApp(com.powerlong.sharera.vo.useMessageVo)
2020-02-16 10:14:56.006  INFO 18728 --- [main] s.w.s.m.m.a.RequestMappingHandlerMapping : Mapped "{[/error]}" onto public org.springframework.http.ResponseEntity<java.util.Map<java.lang.String, java.lang.Object>> org.springframework.boot.autoconfigure.web.servlet.error.BasicErrorController.error(javax.servlet.http.HttpServletRequest)
2020-02-16 10:14:56.007  INFO 18728 --- [main] s.w.s.m.m.a.RequestMappingHandlerMapping : Mapped "{[/error],produces=[text/html]}" onto public org.springframework.web.servlet.ModelAndView org.springframework.boot.autoconfigure.web.servlet.error.BasicErrorController.errorHtml(javax.servlet.http.HttpServletRequest,javax.servlet.http.HttpServletResponse)
2020-02-16 10:14:56.056  INFO 18728 --- [main] o.s.w.s.handler.SimpleUrlHandlerMapping  : Mapped URL path [/static/**] onto handler of type [class org.springframework.web.servlet.resource.ResourceHttpRequestHandler]
2020-02-16 10:14:56.119  INFO 18728 --- [main] s.w.s.m.m.a.RequestMappingHandlerAdapter : Looking for @ControllerAdvice: org.springframework.boot.web.servlet.context.AnnotationConfigServletWebServerApplicationContext@198b6731: startup date [Sun Feb 16 10:14:52 CST 2020]; root of context hierarchy
2020-02-16 10:14:56.176  INFO 18728 --- [main] .m.m.a.ExceptionHandlerExceptionResolver : Detected @ExceptionHandler methods in responseInfoHandler
2020-02-16 10:14:56.275  INFO 18728 --- [main] t.m.m.autoconfigure.MapperCacheDisabler  : Clear tk.mybatis.mapper.util.MsUtil CLASS_CACHE cache.
2020-02-16 10:14:56.276  INFO 18728 --- [main] t.m.m.autoconfigure.MapperCacheDisabler  : Clear tk.mybatis.mapper.genid.GenIdUtil CACHE cache.
2020-02-16 10:14:56.276  INFO 18728 --- [main] t.m.m.autoconfigure.MapperCacheDisabler  : Clear tk.mybatis.mapper.version.VersionUtil CACHE cache.
2020-02-16 10:14:56.279  INFO 18728 --- [main] t.m.m.autoconfigure.MapperCacheDisabler  : Clear EntityHelper entityTableMap cache.
2020-02-16 10:14:56.858  INFO 18728 --- [main] o.s.j.e.a.AnnotationMBeanExporter        : Registering beans for JMX exposure on startup
2020-02-16 10:14:56.860  INFO 18728 --- [main] o.s.j.e.a.AnnotationMBeanExporter        : Bean with name 'statFilter' has been autodetected for JMX exposure
2020-02-16 10:14:56.860  INFO 18728 --- [main] o.s.j.e.a.AnnotationMBeanExporter        : Bean with name 'dataSource' has been autodetected for JMX exposure
2020-02-16 10:14:56.867  INFO 18728 --- [main] o.s.j.e.a.AnnotationMBeanExporter        : Located MBean 'dataSource': registering with JMX server as MBean [com.alibaba.druid.spring.boot.autoconfigure:name=dataSource,type=DruidDataSourceWrapper]
2020-02-16 10:14:56.868  INFO 18728 --- [main] o.s.j.e.a.AnnotationMBeanExporter        : Located MBean 'statFilter': registering with JMX server as MBean [com.alibaba.druid.filter.stat:name=statFilter,type=StatFilter]
2020-02-16 10:14:56.882  INFO 18728 --- [main] s.a.ScheduledAnnotationBeanPostProcessor : No TaskScheduler/ScheduledExecutorService bean found for scheduled processing
2020-02-16 10:14:56.921  INFO 18728 --- [main] o.s.b.w.embedded.tomcat.TomcatWebServer  : Tomcat started on port(s): 9000 (http) with context path ''
2020-02-16 10:14:56.925  INFO 18728 --- [main] com.powerlong.sharera.BaseApplication    : Started BaseApplication in 4.643 seconds (JVM running for 5.427)
2020-02-16 10:15:00.014 DEBUG 18728 --- [pool-2-thread-1] org.mybatis.spring.SqlSessionUtils       : Creating a new SqlSession
2020-02-16 10:15:00.020 DEBUG 18728 --- [pool-2-thread-1] org.mybatis.spring.SqlSessionUtils       : SqlSession [org.apache.ibatis.session.defaults.DefaultSqlSession@3a9e0b71] was not registered for synchronization because synchronization is not active
2020-02-16 10:15:00.025 DEBUG 18728 --- [pool-2-thread-1] o.m.s.t.SpringManagedTransaction         : JDBC Connection [com.alibaba.druid.proxy.jdbc.ConnectionProxyImpl@1a18736c] will not be managed by Spring
2020-02-16 10:15:00.028 DEBUG 18728 --- [pool-2-thread-1] c.p.s.dao.rightRulesMapper.soldOut       : ==>  Preparing: UPDATE right_rules SET status = 5 where status = 4 and date_add(effectiveEndTime, interval 1 day) < now() 
2020-02-16 10:15:00.041 DEBUG 18728 --- [pool-2-thread-1] c.p.s.dao.rightRulesMapper.soldOut       : ==> Parameters: 
2020-02-16 10:15:00.110 DEBUG 18728 --- [pool-2-thread-1] c.p.s.dao.rightRulesMapper.soldOut       : <==    Updates: 0
2020-02-16 10:15:00.110 DEBUG 18728 --- [pool-2-thread-1] org.mybatis.spring.SqlSessionUtils       : Closing non transactional SqlSession [org.apache.ibatis.session.defaults.DefaultSqlSession@3a9e0b71]
2020-02-16 10:15:00.111 DEBUG 18728 --- [pool-2-thread-1] org.mybatis.spring.SqlSessionUtils       : Creating a new SqlSession
2020-02-16 10:15:00.111 DEBUG 18728 --- [pool-2-thread-1] org.mybatis.spring.SqlSessionUtils       : SqlSession [org.apache.ibatis.session.defaults.DefaultSqlSession@66f514dc] was not registered for synchronization because synchronization is not active
2020-02-16 10:15:00.112 DEBUG 18728 --- [pool-2-thread-1] o.m.s.t.SpringManagedTransaction         : JDBC Connection [com.alibaba.druid.proxy.jdbc.ConnectionProxyImpl@1a18736c] will not be managed by Spring
2020-02-16 10:15:00.112 DEBUG 18728 --- [pool-2-thread-1] c.p.s.dao.rightRulesMapper.putAway       : ==>  Preparing: UPDATE right_rules SET status = 4 where status = 2 and effectiveStartTime < now() 
2020-02-16 10:15:00.112 DEBUG 18728 --- [pool-2-thread-1] c.p.s.dao.rightRulesMapper.putAway       : ==> Parameters: 
2020-02-16 10:15:00.172 DEBUG 18728 --- [pool-2-thread-1] c.p.s.dao.rightRulesMapper.putAway       : <==    Updates: 0
2020-02-16 10:15:00.172 DEBUG 18728 --- [pool-2-thread-1] org.mybatis.spring.SqlSessionUtils       : Closing non transactional SqlSession [org.apache.ibatis.session.defaults.DefaultSqlSession@66f514dc]
2020-02-16 10:41:06.074  INFO 16820 --- [main] com.powerlong.sharera.BaseApplication    : Starting BaseApplication on DESKTOP-L0J3LV2 with PID 16820 (E:\ShengAnde\share\share\target\classes started by hyue in E:\ShengAnde\share\share)
2020-02-16 10:41:06.078  INFO 16820 --- [main] com.powerlong.sharera.BaseApplication    : The following profiles are active: dev
2020-02-16 10:41:06.160  INFO 16820 --- [main] ConfigServletWebServerApplicationContext : Refreshing org.springframework.boot.web.servlet.context.AnnotationConfigServletWebServerApplicationContext@1a677343: startup date [Sun Feb 16 10:41:06 CST 2020]; root of context hierarchy
2020-02-16 10:41:07.043 DEBUG 16820 --- [main] o.m.s.mapper.ClassPathMapperScanner      : Ignored because not a concrete top-level class: file [E:\ShengAnde\share\share\target\classes\com\powerlong\sharera\ApplicationEnties\ThirdPartyVo.class]
2020-02-16 10:41:07.043 DEBUG 16820 --- [main] o.m.s.mapper.ClassPathMapperScanner      : Ignored because not a concrete top-level class: file [E:\ShengAnde\share\share\target\classes\com\powerlong\sharera\ApplicationEnties\YumPaperVo.class]
2020-02-16 10:41:07.043 DEBUG 16820 --- [main] o.m.s.mapper.ClassPathMapperScanner      : Identified candidate component class: file [E:\ShengAnde\share\share\target\classes\com\powerlong\sharera\aspect\CheckThirdParty.class]
2020-02-16 10:41:07.044 DEBUG 16820 --- [main] o.m.s.mapper.ClassPathMapperScanner      : Ignored because not a concrete top-level class: file [E:\ShengAnde\share\share\target\classes\com\powerlong\sharera\aspect\CheckThirdPartyAspect.class]
2020-02-16 10:41:07.044 DEBUG 16820 --- [main] o.m.s.mapper.ClassPathMapperScanner      : Identified candidate component class: file [E:\ShengAnde\share\share\target\classes\com\powerlong\sharera\aspect\CheckUserToken.class]
2020-02-16 10:41:07.044 DEBUG 16820 --- [main] o.m.s.mapper.ClassPathMapperScanner      : Ignored because not a concrete top-level class: file [E:\ShengAnde\share\share\target\classes\com\powerlong\sharera\aspect\CheckUserTokenAspect.class]
2020-02-16 10:41:07.045 DEBUG 16820 --- [main] o.m.s.mapper.ClassPathMapperScanner      : Ignored because not a concrete top-level class: file [E:\ShengAnde\share\share\target\classes\com\powerlong\sharera\aspect\PowerLongShareraAPIDemo.class]
2020-02-16 10:41:07.045 DEBUG 16820 --- [main] o.m.s.mapper.ClassPathMapperScanner      : Ignored because not a concrete top-level class: file [E:\ShengAnde\share\share\target\classes\com\powerlong\sharera\BaseApplication.class]
2020-02-16 10:41:07.045 DEBUG 16820 --- [main] o.m.s.mapper.ClassPathMapperScanner      : Ignored because not a concrete top-level class: file [E:\ShengAnde\share\share\target\classes\com\powerlong\sharera\configBean\ConfigBean.class]
2020-02-16 10:41:07.045 DEBUG 16820 --- [main] o.m.s.mapper.ClassPathMapperScanner      : Ignored because not a concrete top-level class: file [E:\ShengAnde\share\share\target\classes\com\powerlong\sharera\configer\BodyReaderHttpServletRequestWrapper$1.class]
2020-02-16 10:41:07.046 DEBUG 16820 --- [main] o.m.s.mapper.ClassPathMapperScanner      : Ignored because not a concrete top-level class: file [E:\ShengAnde\share\share\target\classes\com\powerlong\sharera\configer\BodyReaderHttpServletRequestWrapper.class]
2020-02-16 10:41:07.046 DEBUG 16820 --- [main] o.m.s.mapper.ClassPathMapperScanner      : Ignored because not a concrete top-level class: file [E:\ShengAnde\share\share\target\classes\com\powerlong\sharera\configer\CorsConfig.class]
2020-02-16 10:41:07.046 DEBUG 16820 --- [main] o.m.s.mapper.ClassPathMapperScanner      : Ignored because not a concrete top-level class: file [E:\ShengAnde\share\share\target\classes\com\powerlong\sharera\configer\HttpHelper.class]
2020-02-16 10:41:07.046 DEBUG 16820 --- [main] o.m.s.mapper.ClassPathMapperScanner      : Ignored because not a concrete top-level class: file [E:\ShengAnde\share\share\target\classes\com\powerlong\sharera\constant\ResultConstant.class]
2020-02-16 10:41:07.046 DEBUG 16820 --- [main] o.m.s.mapper.ClassPathMapperScanner      : Ignored because not a concrete top-level class: file [E:\ShengAnde\share\share\target\classes\com\powerlong\sharera\controller\ForThirdPartyController.class]
2020-02-16 10:41:07.047 DEBUG 16820 --- [main] o.m.s.mapper.ClassPathMapperScanner      : Ignored because not a concrete top-level class: file [E:\ShengAnde\share\share\target\classes\com\powerlong\sharera\controller\MemberYumLogController.class]
2020-02-16 10:41:07.047 DEBUG 16820 --- [main] o.m.s.mapper.ClassPathMapperScanner      : Ignored because not a concrete top-level class: file [E:\ShengAnde\share\share\target\classes\com\powerlong\sharera\controller\MessageController.class]
2020-02-16 10:41:07.047 DEBUG 16820 --- [main] o.m.s.mapper.ClassPathMapperScanner      : Ignored because not a concrete top-level class: file [E:\ShengAnde\share\share\target\classes\com\powerlong\sharera\controller\pointForCouponController.class]
2020-02-16 10:41:07.047 DEBUG 16820 --- [main] o.m.s.mapper.ClassPathMapperScanner      : Ignored because not a concrete top-level class: file [E:\ShengAnde\share\share\target\classes\com\powerlong\sharera\controller\rightRulesController.class]
2020-02-16 10:41:07.048 DEBUG 16820 --- [main] o.m.s.mapper.ClassPathMapperScanner      : Ignored because not a concrete top-level class: file [E:\ShengAnde\share\share\target\classes\com\powerlong\sharera\controller\ShareController.class]
2020-02-16 10:41:07.048 DEBUG 16820 --- [main] o.m.s.mapper.ClassPathMapperScanner      : Ignored because not a concrete top-level class: file [E:\ShengAnde\share\share\target\classes\com\powerlong\sharera\controller\TimedTask.class]
2020-02-16 10:41:07.048 DEBUG 16820 --- [main] o.m.s.mapper.ClassPathMapperScanner      : Ignored because not a concrete top-level class: file [E:\ShengAnde\share\share\target\classes\com\powerlong\sharera\controller\useMessageController.class]
2020-02-16 10:41:07.048 DEBUG 16820 --- [main] o.m.s.mapper.ClassPathMapperScanner      : Identified candidate component class: file [E:\ShengAnde\share\share\target\classes\com\powerlong\sharera\dao\decutOrderMapper.class]
2020-02-16 10:41:07.049 DEBUG 16820 --- [main] o.m.s.mapper.ClassPathMapperScanner      : Identified candidate component class: file [E:\ShengAnde\share\share\target\classes\com\powerlong\sharera\dao\KeyPairMapper.class]
2020-02-16 10:41:07.049 DEBUG 16820 --- [main] o.m.s.mapper.ClassPathMapperScanner      : Identified candidate component class: file [E:\ShengAnde\share\share\target\classes\com\powerlong\sharera\dao\MemberYumLogMapper.class]
2020-02-16 10:41:07.049 DEBUG 16820 --- [main] o.m.s.mapper.ClassPathMapperScanner      : Identified candidate component class: file [E:\ShengAnde\share\share\target\classes\com\powerlong\sharera\dao\MessagesettingMapper.class]
2020-02-16 10:41:07.052 DEBUG 16820 --- [main] o.m.s.mapper.ClassPathMapperScanner      : Identified candidate component class: file [E:\ShengAnde\share\share\target\classes\com\powerlong\sharera\dao\pointForCouponMapper.class]
2020-02-16 10:41:07.052 DEBUG 16820 --- [main] o.m.s.mapper.ClassPathMapperScanner      : Identified candidate component class: file [E:\ShengAnde\share\share\target\classes\com\powerlong\sharera\dao\rightRulesMapper.class]
2020-02-16 10:41:07.052 DEBUG 16820 --- [main] o.m.s.mapper.ClassPathMapperScanner      : Identified candidate component class: file [E:\ShengAnde\share\share\target\classes\com\powerlong\sharera\dao\ShareMapper.class]
2020-02-16 10:41:07.053 DEBUG 16820 --- [main] o.m.s.mapper.ClassPathMapperScanner      : Identified candidate component class: file [E:\ShengAnde\share\share\target\classes\com\powerlong\sharera\dao\useMessageMapper.class]
2020-02-16 10:41:07.053 DEBUG 16820 --- [main] o.m.s.mapper.ClassPathMapperScanner      : Ignored because not a concrete top-level class: file [E:\ShengAnde\share\share\target\classes\com\powerlong\sharera\filter\CorsFilter.class]
2020-02-16 10:41:07.053 DEBUG 16820 --- [main] o.m.s.mapper.ClassPathMapperScanner      : Ignored because not a concrete top-level class: file [E:\ShengAnde\share\share\target\classes\com\powerlong\sharera\result\CheckTokenException.class]
2020-02-16 10:41:07.054 DEBUG 16820 --- [main] o.m.s.mapper.ClassPathMapperScanner      : Ignored because not a concrete top-level class: file [E:\ShengAnde\share\share\target\classes\com\powerlong\sharera\result\ResponseInfoEnum.class]
2020-02-16 10:41:07.054 DEBUG 16820 --- [main] o.m.s.mapper.ClassPathMapperScanner      : Ignored because not a concrete top-level class: file [E:\ShengAnde\share\share\target\classes\com\powerlong\sharera\result\ResponseInfoException.class]
2020-02-16 10:41:07.054 DEBUG 16820 --- [main] o.m.s.mapper.ClassPathMapperScanner      : Ignored because not a concrete top-level class: file [E:\ShengAnde\share\share\target\classes\com\powerlong\sharera\result\ResponseInfoHandler.class]
2020-02-16 10:41:07.054 DEBUG 16820 --- [main] o.m.s.mapper.ClassPathMapperScanner      : Identified candidate component class: file [E:\ShengAnde\share\share\target\classes\com\powerlong\sharera\result\ResponseInfoInterface.class]
2020-02-16 10:41:07.055 DEBUG 16820 --- [main] o.m.s.mapper.ClassPathMapperScanner      : Ignored because not a concrete top-level class: file [E:\ShengAnde\share\share\target\classes\com\powerlong\sharera\result\ResultBody.class]
2020-02-16 10:41:07.055 DEBUG 16820 --- [main] o.m.s.mapper.ClassPathMapperScanner      : Ignored because not a concrete top-level class: file [E:\ShengAnde\share\share\target\classes\com\powerlong\sharera\result\ThirdInfoEnum.class]
2020-02-16 10:41:07.055 DEBUG 16820 --- [main] o.m.s.mapper.ClassPathMapperScanner      : Identified candidate component class: file [E:\ShengAnde\share\share\target\classes\com\powerlong\sharera\service\decutOrderService.class]
2020-02-16 10:41:07.060 DEBUG 16820 --- [main] o.m.s.mapper.ClassPathMapperScanner      : Ignored because not a concrete top-level class: file [E:\ShengAnde\share\share\target\classes\com\powerlong\sharera\service\impl\decutOrderServiceImpl.class]
2020-02-16 10:41:07.061 DEBUG 16820 --- [main] o.m.s.mapper.ClassPathMapperScanner      : Ignored because not a concrete top-level class: file [E:\ShengAnde\share\share\target\classes\com\powerlong\sharera\service\impl\MemberYumLogServiceImpl.class]
2020-02-16 10:41:07.061 DEBUG 16820 --- [main] o.m.s.mapper.ClassPathMapperScanner      : Ignored because not a concrete top-level class: file [E:\ShengAnde\share\share\target\classes\com\powerlong\sharera\service\impl\MessagesettingServiceImpl.class]
2020-02-16 10:41:07.061 DEBUG 16820 --- [main] o.m.s.mapper.ClassPathMapperScanner      : Ignored because not a concrete top-level class: file [E:\ShengAnde\share\share\target\classes\com\powerlong\sharera\service\impl\pointForCouponServiceImpl.class]
2020-02-16 10:41:07.062 DEBUG 16820 --- [main] o.m.s.mapper.ClassPathMapperScanner      : Ignored because not a concrete top-level class: file [E:\ShengAnde\share\share\target\classes\com\powerlong\sharera\service\impl\rightRulesServiceImpl.class]
2020-02-16 10:41:07.062 DEBUG 16820 --- [main] o.m.s.mapper.ClassPathMapperScanner      : Ignored because not a concrete top-level class: file [E:\ShengAnde\share\share\target\classes\com\powerlong\sharera\service\impl\useMessageServiceImpl.class]
2020-02-16 10:41:07.062 DEBUG 16820 --- [main] o.m.s.mapper.ClassPathMapperScanner      : Ignored because not a concrete top-level class: file [E:\ShengAnde\share\share\target\classes\com\powerlong\sharera\service\impl\YumPaperServiceImpl.class]
2020-02-16 10:41:07.063 DEBUG 16820 --- [main] o.m.s.mapper.ClassPathMapperScanner      : Identified candidate component class: file [E:\ShengAnde\share\share\target\classes\com\powerlong\sharera\service\MemberYumLogService.class]
2020-02-16 10:41:07.063 DEBUG 16820 --- [main] o.m.s.mapper.ClassPathMapperScanner      : Identified candidate component class: file [E:\ShengAnde\share\share\target\classes\com\powerlong\sharera\service\MessagesettingService.class]
2020-02-16 10:41:07.063 DEBUG 16820 --- [main] o.m.s.mapper.ClassPathMapperScanner      : Identified candidate component class: file [E:\ShengAnde\share\share\target\classes\com\powerlong\sharera\service\pointForCouponService.class]
2020-02-16 10:41:07.064 DEBUG 16820 --- [main] o.m.s.mapper.ClassPathMapperScanner      : Identified candidate component class: file [E:\ShengAnde\share\share\target\classes\com\powerlong\sharera\service\rightRulesService.class]
2020-02-16 10:41:07.064 DEBUG 16820 --- [main] o.m.s.mapper.ClassPathMapperScanner      : Identified candidate component class: file [E:\ShengAnde\share\share\target\classes\com\powerlong\sharera\service\useMessageService.class]
2020-02-16 10:41:07.064 DEBUG 16820 --- [main] o.m.s.mapper.ClassPathMapperScanner      : Identified candidate component class: file [E:\ShengAnde\share\share\target\classes\com\powerlong\sharera\service\YunPaperService.class]
2020-02-16 10:41:07.070 DEBUG 16820 --- [main] o.m.s.mapper.ClassPathMapperScanner      : Ignored because not a concrete top-level class: file [E:\ShengAnde\share\share\target\classes\com\powerlong\sharera\util\Charsets.class]
2020-02-16 10:41:07.070 DEBUG 16820 --- [main] o.m.s.mapper.ClassPathMapperScanner      : Ignored because not a concrete top-level class: file [E:\ShengAnde\share\share\target\classes\com\powerlong\sharera\util\HttpUtils$1.class]
2020-02-16 10:41:07.070 DEBUG 16820 --- [main] o.m.s.mapper.ClassPathMapperScanner      : Ignored because not a concrete top-level class: file [E:\ShengAnde\share\share\target\classes\com\powerlong\sharera\util\HttpUtils.class]
2020-02-16 10:41:07.070 DEBUG 16820 --- [main] o.m.s.mapper.ClassPathMapperScanner      : Ignored because not a concrete top-level class: file [E:\ShengAnde\share\share\target\classes\com\powerlong\sharera\util\MD5.class]
2020-02-16 10:41:07.071 DEBUG 16820 --- [main] o.m.s.mapper.ClassPathMapperScanner      : Ignored because not a concrete top-level class: file [E:\ShengAnde\share\share\target\classes\com\powerlong\sharera\util\Md5Util.class]
2020-02-16 10:41:07.071 DEBUG 16820 --- [main] o.m.s.mapper.ClassPathMapperScanner      : Ignored because not a concrete top-level class: file [E:\ShengAnde\share\share\target\classes\com\powerlong\sharera\util\PowerLongBaolong.class]
2020-02-16 10:41:07.071 DEBUG 16820 --- [main] o.m.s.mapper.ClassPathMapperScanner      : Ignored because not a concrete top-level class: file [E:\ShengAnde\share\share\target\classes\com\powerlong\sharera\util\RandomUtils.class]
2020-02-16 10:41:07.071 DEBUG 16820 --- [main] o.m.s.mapper.ClassPathMapperScanner      : Ignored because not a concrete top-level class: file [E:\ShengAnde\share\share\target\classes\com\powerlong\sharera\util\ResultModel.class]
2020-02-16 10:41:07.072 DEBUG 16820 --- [main] o.m.s.mapper.ClassPathMapperScanner      : Ignored because not a concrete top-level class: file [E:\ShengAnde\share\share\target\classes\com\powerlong\sharera\util\ResultUtil.class]
2020-02-16 10:41:07.072 DEBUG 16820 --- [main] o.m.s.mapper.ClassPathMapperScanner      : Ignored because not a concrete top-level class: file [E:\ShengAnde\share\share\target\classes\com\powerlong\sharera\vo\AdminPageVo.class]
2020-02-16 10:41:07.072 DEBUG 16820 --- [main] o.m.s.mapper.ClassPathMapperScanner      : Ignored because not a concrete top-level class: file [E:\ShengAnde\share\share\target\classes\com\powerlong\sharera\vo\checkResVo.class]
2020-02-16 10:41:07.072 DEBUG 16820 --- [main] o.m.s.mapper.ClassPathMapperScanner      : Ignored because not a concrete top-level class: file [E:\ShengAnde\share\share\target\classes\com\powerlong\sharera\vo\decuPointVo.class]
2020-02-16 10:41:07.072 DEBUG 16820 --- [main] o.m.s.mapper.ClassPathMapperScanner      : Ignored because not a concrete top-level class: file [E:\ShengAnde\share\share\target\classes\com\powerlong\sharera\vo\decutOrderVo.class]
2020-02-16 10:41:07.078 DEBUG 16820 --- [main] o.m.s.mapper.ClassPathMapperScanner      : Ignored because not a concrete top-level class: file [E:\ShengAnde\share\share\target\classes\com\powerlong\sharera\vo\getOrderVo.class]
2020-02-16 10:41:07.078 DEBUG 16820 --- [main] o.m.s.mapper.ClassPathMapperScanner      : Ignored because not a concrete top-level class: file [E:\ShengAnde\share\share\target\classes\com\powerlong\sharera\vo\goThirdUrlVo.class]
2020-02-16 10:41:07.078 DEBUG 16820 --- [main] o.m.s.mapper.ClassPathMapperScanner      : Ignored because not a concrete top-level class: file [E:\ShengAnde\share\share\target\classes\com\powerlong\sharera\vo\MemberProfies.class]
2020-02-16 10:41:07.079 DEBUG 16820 --- [main] o.m.s.mapper.ClassPathMapperScanner      : Ignored because not a concrete top-level class: file [E:\ShengAnde\share\share\target\classes\com\powerlong\sharera\vo\memberRight.class]
2020-02-16 10:41:07.079 DEBUG 16820 --- [main] o.m.s.mapper.ClassPathMapperScanner      : Ignored because not a concrete top-level class: file [E:\ShengAnde\share\share\target\classes\com\powerlong\sharera\vo\MembersYumLogeVo.class]
2020-02-16 10:41:07.079 DEBUG 16820 --- [main] o.m.s.mapper.ClassPathMapperScanner      : Ignored because not a concrete top-level class: file [E:\ShengAnde\share\share\target\classes\com\powerlong\sharera\vo\MemberYumLogeQuVo.class]
2020-02-16 10:41:07.080 DEBUG 16820 --- [main] o.m.s.mapper.ClassPathMapperScanner      : Ignored because not a concrete top-level class: file [E:\ShengAnde\share\share\target\classes\com\powerlong\sharera\vo\MemberYumLogeVo.class]
2020-02-16 10:41:07.080 DEBUG 16820 --- [main] o.m.s.mapper.ClassPathMapperScanner      : Ignored because not a concrete top-level class: file [E:\ShengAnde\share\share\target\classes\com\powerlong\sharera\vo\MessagesettingVo.class]
2020-02-16 10:41:07.080 DEBUG 16820 --- [main] o.m.s.mapper.ClassPathMapperScanner      : Ignored because not a concrete top-level class: file [E:\ShengAnde\share\share\target\classes\com\powerlong\sharera\vo\pointForCouponVo.class]
2020-02-16 10:41:07.081 DEBUG 16820 --- [main] o.m.s.mapper.ClassPathMapperScanner      : Ignored because not a concrete top-level class: file [E:\ShengAnde\share\share\target\classes\com\powerlong\sharera\vo\pushRules.class]
2020-02-16 10:41:07.081 DEBUG 16820 --- [main] o.m.s.mapper.ClassPathMapperScanner      : Ignored because not a concrete top-level class: file [E:\ShengAnde\share\share\target\classes\com\powerlong\sharera\vo\rightRulesVo.class]
2020-02-16 10:41:07.081 DEBUG 16820 --- [main] o.m.s.mapper.ClassPathMapperScanner      : Ignored because not a concrete top-level class: file [E:\ShengAnde\share\share\target\classes\com\powerlong\sharera\vo\ruleTodatVo.class]
2020-02-16 10:41:07.082 DEBUG 16820 --- [main] o.m.s.mapper.ClassPathMapperScanner      : Ignored because not a concrete top-level class: file [E:\ShengAnde\share\share\target\classes\com\powerlong\sharera\vo\ShareVo.class]
2020-02-16 10:41:07.084 DEBUG 16820 --- [main] o.m.s.mapper.ClassPathMapperScanner      : Ignored because not a concrete top-level class: file [E:\ShengAnde\share\share\target\classes\com\powerlong\sharera\vo\TWaiterOpeLog.class]
2020-02-16 10:41:07.085 DEBUG 16820 --- [main] o.m.s.mapper.ClassPathMapperScanner      : Ignored because not a concrete top-level class: file [E:\ShengAnde\share\share\target\classes\com\powerlong\sharera\vo\useMessageVo.class]
2020-02-16 10:41:07.085 DEBUG 16820 --- [main] o.m.s.mapper.ClassPathMapperScanner      : Ignored because not a concrete top-level class: file [E:\ShengAnde\share\share\target\classes\com\powerlong\sharera\vo\workFlowVo.class]
2020-02-16 10:41:07.085 DEBUG 16820 --- [main] o.m.s.mapper.ClassPathMapperScanner      : Ignored because not a concrete top-level class: file [E:\ShengAnde\share\share\target\classes\com\powerlong\sharera\vo\YumPaperQuVo.class]
2020-02-16 10:41:07.086 DEBUG 16820 --- [main] o.m.s.mapper.ClassPathMapperScanner      : Creating MapperFactoryBean with name 'checkThirdParty' and 'com.powerlong.sharera.aspect.CheckThirdParty' mapperInterface
2020-02-16 10:41:07.087 DEBUG 16820 --- [main] o.m.s.mapper.ClassPathMapperScanner      : Enabling autowire by type for MapperFactoryBean with name 'checkThirdParty'.
2020-02-16 10:41:07.087 DEBUG 16820 --- [main] o.m.s.mapper.ClassPathMapperScanner      : Creating MapperFactoryBean with name 'checkUserToken' and 'com.powerlong.sharera.aspect.CheckUserToken' mapperInterface
2020-02-16 10:41:07.087 DEBUG 16820 --- [main] o.m.s.mapper.ClassPathMapperScanner      : Enabling autowire by type for MapperFactoryBean with name 'checkUserToken'.
2020-02-16 10:41:07.087 DEBUG 16820 --- [main] o.m.s.mapper.ClassPathMapperScanner      : Creating MapperFactoryBean with name 'decutOrderMapper' and 'com.powerlong.sharera.dao.decutOrderMapper' mapperInterface
2020-02-16 10:41:07.087 DEBUG 16820 --- [main] o.m.s.mapper.ClassPathMapperScanner      : Enabling autowire by type for MapperFactoryBean with name 'decutOrderMapper'.
2020-02-16 10:41:07.087 DEBUG 16820 --- [main] o.m.s.mapper.ClassPathMapperScanner      : Creating MapperFactoryBean with name 'keyPairMapper' and 'com.powerlong.sharera.dao.KeyPairMapper' mapperInterface
2020-02-16 10:41:07.087 DEBUG 16820 --- [main] o.m.s.mapper.ClassPathMapperScanner      : Enabling autowire by type for MapperFactoryBean with name 'keyPairMapper'.
2020-02-16 10:41:07.087 DEBUG 16820 --- [main] o.m.s.mapper.ClassPathMapperScanner      : Creating MapperFactoryBean with name 'memberYumLogMapper' and 'com.powerlong.sharera.dao.MemberYumLogMapper' mapperInterface
2020-02-16 10:41:07.088 DEBUG 16820 --- [main] o.m.s.mapper.ClassPathMapperScanner      : Enabling autowire by type for MapperFactoryBean with name 'memberYumLogMapper'.
2020-02-16 10:41:07.088 DEBUG 16820 --- [main] o.m.s.mapper.ClassPathMapperScanner      : Creating MapperFactoryBean with name 'messagesettingMapper' and 'com.powerlong.sharera.dao.MessagesettingMapper' mapperInterface
2020-02-16 10:41:07.088 DEBUG 16820 --- [main] o.m.s.mapper.ClassPathMapperScanner      : Enabling autowire by type for MapperFactoryBean with name 'messagesettingMapper'.
2020-02-16 10:41:07.088 DEBUG 16820 --- [main] o.m.s.mapper.ClassPathMapperScanner      : Creating MapperFactoryBean with name 'pointForCouponMapper' and 'com.powerlong.sharera.dao.pointForCouponMapper' mapperInterface
2020-02-16 10:41:07.088 DEBUG 16820 --- [main] o.m.s.mapper.ClassPathMapperScanner      : Enabling autowire by type for MapperFactoryBean with name 'pointForCouponMapper'.
2020-02-16 10:41:07.088 DEBUG 16820 --- [main] o.m.s.mapper.ClassPathMapperScanner      : Creating MapperFactoryBean with name 'rightRulesMapper' and 'com.powerlong.sharera.dao.rightRulesMapper' mapperInterface
2020-02-16 10:41:07.088 DEBUG 16820 --- [main] o.m.s.mapper.ClassPathMapperScanner      : Enabling autowire by type for MapperFactoryBean with name 'rightRulesMapper'.
2020-02-16 10:41:07.089 DEBUG 16820 --- [main] o.m.s.mapper.ClassPathMapperScanner      : Creating MapperFactoryBean with name 'shareMapper' and 'com.powerlong.sharera.dao.ShareMapper' mapperInterface
2020-02-16 10:41:07.089 DEBUG 16820 --- [main] o.m.s.mapper.ClassPathMapperScanner      : Enabling autowire by type for MapperFactoryBean with name 'shareMapper'.
2020-02-16 10:41:07.089 DEBUG 16820 --- [main] o.m.s.mapper.ClassPathMapperScanner      : Creating MapperFactoryBean with name 'useMessageMapper' and 'com.powerlong.sharera.dao.useMessageMapper' mapperInterface
2020-02-16 10:41:07.089 DEBUG 16820 --- [main] o.m.s.mapper.ClassPathMapperScanner      : Enabling autowire by type for MapperFactoryBean with name 'useMessageMapper'.
2020-02-16 10:41:07.089 DEBUG 16820 --- [main] o.m.s.mapper.ClassPathMapperScanner      : Creating MapperFactoryBean with name 'responseInfoInterface' and 'com.powerlong.sharera.result.ResponseInfoInterface' mapperInterface
2020-02-16 10:41:07.089 DEBUG 16820 --- [main] o.m.s.mapper.ClassPathMapperScanner      : Enabling autowire by type for MapperFactoryBean with name 'responseInfoInterface'.
2020-02-16 10:41:07.089 DEBUG 16820 --- [main] o.m.s.mapper.ClassPathMapperScanner      : Creating MapperFactoryBean with name 'decutOrderService' and 'com.powerlong.sharera.service.decutOrderService' mapperInterface
2020-02-16 10:41:07.089 DEBUG 16820 --- [main] o.m.s.mapper.ClassPathMapperScanner      : Enabling autowire by type for MapperFactoryBean with name 'decutOrderService'.
2020-02-16 10:41:07.089 DEBUG 16820 --- [main] o.m.s.mapper.ClassPathMapperScanner      : Creating MapperFactoryBean with name 'memberYumLogService' and 'com.powerlong.sharera.service.MemberYumLogService' mapperInterface
2020-02-16 10:41:07.090 DEBUG 16820 --- [main] o.m.s.mapper.ClassPathMapperScanner      : Enabling autowire by type for MapperFactoryBean with name 'memberYumLogService'.
2020-02-16 10:41:07.092 DEBUG 16820 --- [main] o.m.s.mapper.ClassPathMapperScanner      : Creating MapperFactoryBean with name 'messagesettingService' and 'com.powerlong.sharera.service.MessagesettingService' mapperInterface
2020-02-16 10:41:07.093 DEBUG 16820 --- [main] o.m.s.mapper.ClassPathMapperScanner      : Enabling autowire by type for MapperFactoryBean with name 'messagesettingService'.
2020-02-16 10:41:07.093 DEBUG 16820 --- [main] o.m.s.mapper.ClassPathMapperScanner      : Creating MapperFactoryBean with name 'pointForCouponService' and 'com.powerlong.sharera.service.pointForCouponService' mapperInterface
2020-02-16 10:41:07.093 DEBUG 16820 --- [main] o.m.s.mapper.ClassPathMapperScanner      : Enabling autowire by type for MapperFactoryBean with name 'pointForCouponService'.
2020-02-16 10:41:07.093 DEBUG 16820 --- [main] o.m.s.mapper.ClassPathMapperScanner      : Creating MapperFactoryBean with name 'rightRulesService' and 'com.powerlong.sharera.service.rightRulesService' mapperInterface
2020-02-16 10:41:07.093 DEBUG 16820 --- [main] o.m.s.mapper.ClassPathMapperScanner      : Enabling autowire by type for MapperFactoryBean with name 'rightRulesService'.
2020-02-16 10:41:07.094 DEBUG 16820 --- [main] o.m.s.mapper.ClassPathMapperScanner      : Creating MapperFactoryBean with name 'useMessageService' and 'com.powerlong.sharera.service.useMessageService' mapperInterface
2020-02-16 10:41:07.094 DEBUG 16820 --- [main] o.m.s.mapper.ClassPathMapperScanner      : Enabling autowire by type for MapperFactoryBean with name 'useMessageService'.
2020-02-16 10:41:07.094 DEBUG 16820 --- [main] o.m.s.mapper.ClassPathMapperScanner      : Creating MapperFactoryBean with name 'yunPaperService' and 'com.powerlong.sharera.service.YunPaperService' mapperInterface
2020-02-16 10:41:07.094 DEBUG 16820 --- [main] o.m.s.mapper.ClassPathMapperScanner      : Enabling autowire by type for MapperFactoryBean with name 'yunPaperService'.
2020-02-16 10:41:08.247  INFO 16820 --- [main] o.s.b.w.embedded.tomcat.TomcatWebServer  : Tomcat initialized with port(s): 8000 (http)
2020-02-16 10:41:08.275  INFO 16820 --- [main] o.apache.catalina.core.StandardService   : Starting service [Tomcat]
2020-02-16 10:41:08.275  INFO 16820 --- [main] org.apache.catalina.core.StandardEngine  : Starting Servlet Engine: Apache Tomcat/8.5.31
2020-02-16 10:41:08.280  INFO 16820 --- [localhost-startStop-1] o.a.catalina.core.AprLifecycleListener   : The APR based Apache Tomcat Native library which allows optimal performance in production environments was not found on the java.library.path: [E:\Program Files\Java\jdk1.8.0_231\bin;C:\WINDOWS\Sun\Java\bin;C:\WINDOWS\system32;C:\WINDOWS;C:\WINDOWS\system32;C:\WINDOWS;C:\WINDOWS\System32\Wbem;C:\WINDOWS\System32\WindowsPowerShell\v1.0\;C:\WINDOWS\System32\OpenSSH\;E:\Program Files\Java\jdk1.8.0_231\bin;E:\Program Files\TortoiseGit\bin;E:\Program Files\Git\cmd;C:\Program Files (x86)\MySQL\MySQL Utilities 1.6\;E:\Program Files\apache-maven-3.6.3\bin;;C:\Program Files (x86)\NVIDIA Corporation\PhysX\Common;C:\Program Files\NVIDIA Corporation\NVIDIA NvDLISR;C:\Users\hyue\AppData\Local\Microsoft\WindowsApps;C:\Users\hyue\AppData\Local\GitHubDesktop\bin;.]
2020-02-16 10:41:08.424  INFO 16820 --- [localhost-startStop-1] o.a.c.c.C.[Tomcat].[localhost].[/]       : Initializing Spring embedded WebApplicationContext
2020-02-16 10:41:08.425  INFO 16820 --- [localhost-startStop-1] o.s.web.context.ContextLoader            : Root WebApplicationContext: initialization completed in 2265 ms
2020-02-16 10:41:08.643  INFO 16820 --- [localhost-startStop-1] o.s.b.w.servlet.ServletRegistrationBean  : Servlet dispatcherServlet mapped to [/]
2020-02-16 10:41:08.644  INFO 16820 --- [localhost-startStop-1] o.s.b.w.servlet.ServletRegistrationBean  : Servlet statViewServlet mapped to [/druid/*]
2020-02-16 10:41:08.648  INFO 16820 --- [localhost-startStop-1] o.s.b.w.servlet.FilterRegistrationBean   : Mapping filter: 'characterEncodingFilter' to: [/*]
2020-02-16 10:41:08.648  INFO 16820 --- [localhost-startStop-1] o.s.b.w.servlet.FilterRegistrationBean   : Mapping filter: 'webStatFilter' to urls: [/*]
2020-02-16 10:41:08.648  INFO 16820 --- [localhost-startStop-1] o.s.b.w.servlet.FilterRegistrationBean   : Mapping filter: 'corsConfig' to: [/*]
2020-02-16 10:41:08.792  INFO 16820 --- [main] c.a.d.s.b.a.DruidDataSourceAutoConfigure : Init DruidDataSource
2020-02-16 10:41:10.075  INFO 16820 --- [main] com.alibaba.druid.pool.DruidDataSource   : {dataSource-1} inited
2020-02-16 10:41:10.118 DEBUG 16820 --- [main] o.mybatis.spring.SqlSessionFactoryBean   : Scanned package: 'com.powerlong.sharera.vo' for aliases
2020-02-16 10:41:10.168 DEBUG 16820 --- [main] o.mybatis.spring.SqlSessionFactoryBean   : Parsed mapper file: 'file [E:\ShengAnde\share\share\target\classes\mapper\decutOrderMapper.xml]'
2020-02-16 10:41:10.173 DEBUG 16820 --- [main] o.mybatis.spring.SqlSessionFactoryBean   : Parsed mapper file: 'file [E:\ShengAnde\share\share\target\classes\mapper\KeyPairMapper.xml]'
2020-02-16 10:41:10.183 DEBUG 16820 --- [main] o.mybatis.spring.SqlSessionFactoryBean   : Parsed mapper file: 'file [E:\ShengAnde\share\share\target\classes\mapper\MemberYumLogMapper.xml]'
2020-02-16 10:41:10.188 DEBUG 16820 --- [main] o.mybatis.spring.SqlSessionFactoryBean   : Parsed mapper file: 'file [E:\ShengAnde\share\share\target\classes\mapper\MessagesettingMapper.xml]'
2020-02-16 10:41:10.192 DEBUG 16820 --- [main] o.mybatis.spring.SqlSessionFactoryBean   : Parsed mapper file: 'file [E:\ShengAnde\share\share\target\classes\mapper\pointForCouponMapper.xml]'
2020-02-16 10:41:10.202 DEBUG 16820 --- [main] o.mybatis.spring.SqlSessionFactoryBean   : Parsed mapper file: 'file [E:\ShengAnde\share\share\target\classes\mapper\rightRulesMapper.xml]'
2020-02-16 10:41:10.206 DEBUG 16820 --- [main] o.mybatis.spring.SqlSessionFactoryBean   : Parsed mapper file: 'file [E:\ShengAnde\share\share\target\classes\mapper\useMessageMapper.xml]'
2020-02-16 10:41:10.374  INFO 16820 --- [main] s.w.s.m.m.a.RequestMappingHandlerMapping : Mapped "{[/memberLevel],methods=[GET]}" onto public com.powerlong.sharera.result.ResultBody com.powerlong.sharera.controller.ForThirdPartyController.getMemberInfos(com.powerlong.sharera.vo.MemberProfies) throws java.lang.Exception
2020-02-16 10:41:10.376  INFO 16820 --- [main] s.w.s.m.m.a.RequestMappingHandlerMapping : Mapped "{[/order],methods=[POST]}" onto public com.alibaba.fastjson.JSONObject com.powerlong.sharera.controller.ForThirdPartyController.saveThirdOrder(com.powerlong.sharera.vo.MembersYumLogeVo) throws java.lang.Exception
2020-02-16 10:41:10.376  INFO 16820 --- [main] s.w.s.m.m.a.RequestMappingHandlerMapping : Mapped "{[/point/deduct],methods=[GET]}" onto public com.powerlong.sharera.result.ResultBody com.powerlong.sharera.controller.ForThirdPartyController.getDecutOrder(com.powerlong.sharera.vo.getOrderVo) throws java.lang.Exception
2020-02-16 10:41:10.376  INFO 16820 --- [main] s.w.s.m.m.a.RequestMappingHandlerMapping : Mapped "{[/yun/getThirdUrl],methods=[POST]}" onto public com.powerlong.sharera.result.ResultBody com.powerlong.sharera.controller.ForThirdPartyController.getThirdUrl(com.powerlong.sharera.vo.goThirdUrlVo) throws java.lang.Exception
2020-02-16 10:41:10.377  INFO 16820 --- [main] s.w.s.m.m.a.RequestMappingHandlerMapping : Mapped "{[/point/deduct],methods=[POST]}" onto public com.alibaba.fastjson.JSONObject com.powerlong.sharera.controller.ForThirdPartyController.saveDecutOrder(com.powerlong.sharera.vo.decutOrderVo) throws java.lang.Exception
2020-02-16 10:41:10.378  INFO 16820 --- [main] s.w.s.m.m.a.RequestMappingHandlerMapping : Mapped "{[/yumlog/get],methods=[POST]}" onto public com.powerlong.sharera.result.ResultBody com.powerlong.sharera.controller.MemberYumLogController.get(com.powerlong.sharera.vo.MemberYumLogeQuVo) throws java.lang.Exception
2020-02-16 10:41:10.378  INFO 16820 --- [main] s.w.s.m.m.a.RequestMappingHandlerMapping : Mapped "{[/yumlog/getExcel],methods=[POST]}" onto public com.github.pagehelper.PageInfo com.powerlong.sharera.controller.MemberYumLogController.getExcel(com.powerlong.sharera.vo.MemberYumLogeQuVo) throws java.lang.Exception
2020-02-16 10:41:10.379  INFO 16820 --- [main] s.w.s.m.m.a.RequestMappingHandlerMapping : Mapped "{[/message/save]}" onto public com.powerlong.sharera.result.ResultBody com.powerlong.sharera.controller.MessageController.save(com.powerlong.sharera.vo.MessagesettingVo)
2020-02-16 10:41:10.379  INFO 16820 --- [main] s.w.s.m.m.a.RequestMappingHandlerMapping : Mapped "{[/message/getb],methods=[POST]}" onto public com.powerlong.sharera.result.ResultBody com.powerlong.sharera.controller.MessageController.getFromAppb(com.powerlong.sharera.vo.MessagesettingVo)
2020-02-16 10:41:10.379  INFO 16820 --- [main] s.w.s.m.m.a.RequestMappingHandlerMapping : Mapped "{[/message/get],methods=[POST]}" onto public com.powerlong.sharera.result.ResultBody com.powerlong.sharera.controller.MessageController.getFromApp(com.powerlong.sharera.vo.MessagesettingVo)
2020-02-16 10:41:10.380  INFO 16820 --- [main] s.w.s.m.m.a.RequestMappingHandlerMapping : Mapped "{[/yum/saveCoupon],methods=[POST]}" onto public com.alibaba.fastjson.JSONObject com.powerlong.sharera.controller.pointForCouponController.saveCoupon(com.powerlong.sharera.vo.pointForCouponVo) throws java.lang.Exception
2020-02-16 10:41:10.381  INFO 16820 --- [main] s.w.s.m.m.a.RequestMappingHandlerMapping : Mapped "{[/rightrules/update],methods=[POST]}" onto public com.powerlong.sharera.result.ResultBody com.powerlong.sharera.controller.rightRulesController.update(com.powerlong.sharera.vo.rightRulesVo[]) throws java.lang.Exception
2020-02-16 10:41:10.382  INFO 16820 --- [main] s.w.s.m.m.a.RequestMappingHandlerMapping : Mapped "{[/rightrules/save],methods=[POST]}" onto public com.powerlong.sharera.result.ResultBody com.powerlong.sharera.controller.rightRulesController.save(com.powerlong.sharera.vo.rightRulesVo[])
2020-02-16 10:41:10.382  INFO 16820 --- [main] s.w.s.m.m.a.RequestMappingHandlerMapping : Mapped "{[/rightrules/getListCommon],methods=[POST]}" onto public com.powerlong.sharera.result.ResultBody com.powerlong.sharera.controller.rightRulesController.getListCommon(com.powerlong.sharera.vo.rightRulesVo)
2020-02-16 10:41:10.382  INFO 16820 --- [main] s.w.s.m.m.a.RequestMappingHandlerMapping : Mapped "{[/rightrules/getList],methods=[POST]}" onto public com.powerlong.sharera.result.ResultBody com.powerlong.sharera.controller.rightRulesController.getList(com.powerlong.sharera.vo.rightRulesVo)
2020-02-16 10:41:10.382  INFO 16820 --- [main] s.w.s.m.m.a.RequestMappingHandlerMapping : Mapped "{[/rightrules/getDetail],methods=[POST]}" onto public com.powerlong.sharera.result.ResultBody com.powerlong.sharera.controller.rightRulesController.getDetail(com.powerlong.sharera.vo.rightRulesVo)
2020-02-16 10:41:10.383  INFO 16820 --- [main] s.w.s.m.m.a.RequestMappingHandlerMapping : Mapped "{[/rightrules/updatechecks],methods=[POST]}" onto public com.powerlong.sharera.result.ResultBody com.powerlong.sharera.controller.rightRulesController.updatechecks(com.powerlong.sharera.vo.checkResVo) throws java.lang.Exception
2020-02-16 10:41:10.383  INFO 16820 --- [main] s.w.s.m.m.a.RequestMappingHandlerMapping : Mapped "{[/rightrules/del],methods=[POST]}" onto public com.powerlong.sharera.result.ResultBody com.powerlong.sharera.controller.rightRulesController.del(com.powerlong.sharera.vo.checkResVo)
2020-02-16 10:41:10.385  INFO 16820 --- [main] s.w.s.m.m.a.RequestMappingHandlerMapping : Mapped "{[/yum/getYumPapaer],methods=[POST]}" onto public com.powerlong.sharera.result.ResultBody com.powerlong.sharera.controller.ShareController.getYumPapaer(com.powerlong.sharera.vo.YumPaperQuVo) throws java.lang.Exception
2020-02-16 10:41:10.385  INFO 16820 --- [main] s.w.s.m.m.a.RequestMappingHandlerMapping : Mapped "{[/yum/selectByAll],methods=[GET]}" onto public com.powerlong.sharera.util.ResultModel com.powerlong.sharera.controller.ShareController.selectByAll()
2020-02-16 10:41:10.386  INFO 16820 --- [main] s.w.s.m.m.a.RequestMappingHandlerMapping : Mapped "{[/yum/get],methods=[GET]}" onto public java.lang.String com.powerlong.sharera.controller.ShareController.getLove()
2020-02-16 10:41:10.387  INFO 16820 --- [main] s.w.s.m.m.a.RequestMappingHandlerMapping : Mapped "{[/usemessage/save],methods=[POST]}" onto public com.powerlong.sharera.result.ResultBody com.powerlong.sharera.controller.useMessageController.save(com.powerlong.sharera.vo.useMessageVo)
2020-02-16 10:41:10.387  INFO 16820 --- [main] s.w.s.m.m.a.RequestMappingHandlerMapping : Mapped "{[/usemessage/getmessage],methods=[POST]}" onto public com.powerlong.sharera.result.ResultBody com.powerlong.sharera.controller.useMessageController.getuseMessageApp(com.powerlong.sharera.vo.useMessageVo)
2020-02-16 10:41:10.387  INFO 16820 --- [main] s.w.s.m.m.a.RequestMappingHandlerMapping : Mapped "{[/usemessage/get],methods=[POST]}" onto public com.powerlong.sharera.result.ResultBody com.powerlong.sharera.controller.useMessageController.getuseMessage(com.powerlong.sharera.vo.useMessageVo)
2020-02-16 10:41:10.389  INFO 16820 --- [main] s.w.s.m.m.a.RequestMappingHandlerMapping : Mapped "{[/error]}" onto public org.springframework.http.ResponseEntity<java.util.Map<java.lang.String, java.lang.Object>> org.springframework.boot.autoconfigure.web.servlet.error.BasicErrorController.error(javax.servlet.http.HttpServletRequest)
2020-02-16 10:41:10.390  INFO 16820 --- [main] s.w.s.m.m.a.RequestMappingHandlerMapping : Mapped "{[/error],produces=[text/html]}" onto public org.springframework.web.servlet.ModelAndView org.springframework.boot.autoconfigure.web.servlet.error.BasicErrorController.errorHtml(javax.servlet.http.HttpServletRequest,javax.servlet.http.HttpServletResponse)
2020-02-16 10:41:10.421  INFO 16820 --- [main] o.s.w.s.handler.SimpleUrlHandlerMapping  : Mapped URL path [/static/**] onto handler of type [class org.springframework.web.servlet.resource.ResourceHttpRequestHandler]
2020-02-16 10:41:10.454  INFO 16820 --- [main] s.w.s.m.m.a.RequestMappingHandlerAdapter : Looking for @ControllerAdvice: org.springframework.boot.web.servlet.context.AnnotationConfigServletWebServerApplicationContext@1a677343: startup date [Sun Feb 16 10:41:06 CST 2020]; root of context hierarchy
2020-02-16 10:41:10.486  INFO 16820 --- [main] .m.m.a.ExceptionHandlerExceptionResolver : Detected @ExceptionHandler methods in responseInfoHandler
2020-02-16 10:41:10.542  INFO 16820 --- [main] t.m.m.autoconfigure.MapperCacheDisabler  : Clear tk.mybatis.mapper.util.MsUtil CLASS_CACHE cache.
2020-02-16 10:41:10.542  INFO 16820 --- [main] t.m.m.autoconfigure.MapperCacheDisabler  : Clear tk.mybatis.mapper.genid.GenIdUtil CACHE cache.
2020-02-16 10:41:10.543  INFO 16820 --- [main] t.m.m.autoconfigure.MapperCacheDisabler  : Clear tk.mybatis.mapper.version.VersionUtil CACHE cache.
2020-02-16 10:41:10.544  INFO 16820 --- [main] t.m.m.autoconfigure.MapperCacheDisabler  : Clear EntityHelper entityTableMap cache.
2020-02-16 10:41:10.920  INFO 16820 --- [main] o.s.j.e.a.AnnotationMBeanExporter        : Registering beans for JMX exposure on startup
2020-02-16 10:41:10.921  INFO 16820 --- [main] o.s.j.e.a.AnnotationMBeanExporter        : Bean with name 'statFilter' has been autodetected for JMX exposure
2020-02-16 10:41:10.921  INFO 16820 --- [main] o.s.j.e.a.AnnotationMBeanExporter        : Bean with name 'dataSource' has been autodetected for JMX exposure
2020-02-16 10:41:10.925  INFO 16820 --- [main] o.s.j.e.a.AnnotationMBeanExporter        : Located MBean 'dataSource': registering with JMX server as MBean [com.alibaba.druid.spring.boot.autoconfigure:name=dataSource,type=DruidDataSourceWrapper]
2020-02-16 10:41:10.926  INFO 16820 --- [main] o.s.j.e.a.AnnotationMBeanExporter        : Located MBean 'statFilter': registering with JMX server as MBean [com.alibaba.druid.filter.stat:name=statFilter,type=StatFilter]
2020-02-16 10:41:10.936  INFO 16820 --- [main] s.a.ScheduledAnnotationBeanPostProcessor : No TaskScheduler/ScheduledExecutorService bean found for scheduled processing
2020-02-16 10:41:10.962  INFO 16820 --- [main] o.s.b.w.embedded.tomcat.TomcatWebServer  : Tomcat started on port(s): 8000 (http) with context path ''
2020-02-16 10:41:10.965  INFO 16820 --- [main] com.powerlong.sharera.BaseApplication    : Started BaseApplication in 5.441 seconds (JVM running for 7.049)
2020-02-16 10:41:30.004 DEBUG 16820 --- [pool-1-thread-1] org.mybatis.spring.SqlSessionUtils       : Creating a new SqlSession
2020-02-16 10:41:30.010 DEBUG 16820 --- [pool-1-thread-1] org.mybatis.spring.SqlSessionUtils       : SqlSession [org.apache.ibatis.session.defaults.DefaultSqlSession@60e8063a] was not registered for synchronization because synchronization is not active
2020-02-16 10:41:30.013 DEBUG 16820 --- [pool-1-thread-1] o.m.s.t.SpringManagedTransaction         : JDBC Connection [com.alibaba.druid.proxy.jdbc.ConnectionProxyImpl@7f47203e] will not be managed by Spring
2020-02-16 10:41:30.015 DEBUG 16820 --- [pool-1-thread-1] c.p.s.dao.rightRulesMapper.soldOut       : ==>  Preparing: UPDATE right_rules SET status = 5 where status = 4 and date_add(effectiveEndTime, interval 1 day) < now() 
2020-02-16 10:41:30.025 DEBUG 16820 --- [pool-1-thread-1] c.p.s.dao.rightRulesMapper.soldOut       : ==> Parameters: 
2020-02-16 10:41:30.093 DEBUG 16820 --- [pool-1-thread-1] c.p.s.dao.rightRulesMapper.soldOut       : <==    Updates: 0
2020-02-16 10:41:30.093 DEBUG 16820 --- [pool-1-thread-1] org.mybatis.spring.SqlSessionUtils       : Closing non transactional SqlSession [org.apache.ibatis.session.defaults.DefaultSqlSession@60e8063a]
2020-02-16 10:41:30.094 DEBUG 16820 --- [pool-1-thread-1] org.mybatis.spring.SqlSessionUtils       : Creating a new SqlSession
2020-02-16 10:41:30.094 DEBUG 16820 --- [pool-1-thread-1] org.mybatis.spring.SqlSessionUtils       : SqlSession [org.apache.ibatis.session.defaults.DefaultSqlSession@148a8d2c] was not registered for synchronization because synchronization is not active
2020-02-16 10:41:30.094 DEBUG 16820 --- [pool-1-thread-1] o.m.s.t.SpringManagedTransaction         : JDBC Connection [com.alibaba.druid.proxy.jdbc.ConnectionProxyImpl@7f47203e] will not be managed by Spring
2020-02-16 10:41:30.094 DEBUG 16820 --- [pool-1-thread-1] c.p.s.dao.rightRulesMapper.putAway       : ==>  Preparing: UPDATE right_rules SET status = 4 where status = 2 and effectiveStartTime < now() 
2020-02-16 10:41:30.094 DEBUG 16820 --- [pool-1-thread-1] c.p.s.dao.rightRulesMapper.putAway       : ==> Parameters: 
2020-02-16 10:41:30.159 DEBUG 16820 --- [pool-1-thread-1] c.p.s.dao.rightRulesMapper.putAway       : <==    Updates: 0
2020-02-16 10:41:30.159 DEBUG 16820 --- [pool-1-thread-1] org.mybatis.spring.SqlSessionUtils       : Closing non transactional SqlSession [org.apache.ibatis.session.defaults.DefaultSqlSession@148a8d2c]
